!SESSION 2024-11-30 19:36:41.425 -----------------------------------------------
eclipse.buildId=unknown
java.version=17.0.13
java.vendor=Homebrew
BootLoader constants: OS=macosx, ARCH=aarch64, WS=cocoa, NL=en_CA
Command-line arguments:  -data /Users/ewanchukwilliam/School/ECE325/lab5/ece325_lab_assignment5/lab_assignment5lab_assignment5

!ENTRY org.eclipse.jdt.ls.core 1 0 2024-11-30 19:36:42.163
!MESSAGE class org.eclipse.jdt.ls.core.internal.JavaLanguageServerPlugin is started

!ENTRY org.eclipse.jdt.ls.core 1 0 2024-11-30 19:36:42.247
!MESSAGE Main thread is waiting

!ENTRY org.eclipse.jdt.ls.core 1 0 2024-11-30 19:36:42.258
!MESSAGE >> initialize

!ENTRY org.eclipse.jdt.ls.core 1 0 2024-11-30 19:36:42.259
!MESSAGE Initializing Java Language Server 1.41.0.202410311350

!ENTRY org.eclipse.jdt.ls.core 1 0 2024-11-30 19:36:42.260
!MESSAGE Started org.eclipse.m2e.core 1ms

!ENTRY org.eclipse.jdt.ls.core 1 0 2024-11-30 19:36:42.606
!MESSAGE ProjectRegistryRefreshJob finished 346ms

!ENTRY org.eclipse.jdt.ls.core 1 0 2024-11-30 19:36:42.618
!MESSAGE Started org.eclipse.buildship.core 11ms

!ENTRY org.eclipse.jdt.ls.core 1 0 2024-11-30 19:36:42.625
!MESSAGE Uninstalled reference:file:/Users/ewanchukwilliam/.local/share/nvim/mason/share/java-test/com.microsoft.java.test.plugin.jar

!ENTRY org.eclipse.jdt.ls.core 1 0 2024-11-30 19:36:42.627
!MESSAGE Installed reference:file:/Users/ewanchukwilliam/.local/share/nvim/mason/share/java-test/com.microsoft.java.test.plugin-0.41.1.jar

!ENTRY org.eclipse.jdt.ls.core 1 0 2024-11-30 19:36:42.628
!MESSAGE Uninstalled reference:file:/Users/ewanchukwilliam/.local/share/nvim/mason/share/java-test/com.microsoft.java.test.plugin-0.41.1.jar

!ENTRY org.eclipse.jdt.ls.core 1 0 2024-11-30 19:36:42.629
!MESSAGE Installed reference:file:/Users/ewanchukwilliam/.local/share/nvim/mason/share/java-test/com.microsoft.java.test.plugin.jar

!ENTRY org.eclipse.jdt.ls.core 1 0 2024-11-30 19:36:42.632
!MESSAGE Refresh the bundles

!ENTRY org.eclipse.jdt.ls.core 1 0 2024-11-30 19:36:42.656
!MESSAGE Finished Refreshing bundles

!ENTRY org.eclipse.jdt.ls.core 4 0 2024-11-30 19:36:42.657
!MESSAGE Failed to load extension bundles 
!STACK 1
org.eclipse.core.runtime.CoreException: Load bundle list
	at org.eclipse.jdt.ls.core.internal.handlers.BundleUtils.loadBundles(BundleUtils.java:173)
	at org.eclipse.jdt.ls.core.internal.handlers.InitHandler.handleInitializationOptions(InitHandler.java:113)
	at org.eclipse.jdt.ls.core.internal.handlers.BaseInitHandler.initialize(BaseInitHandler.java:68)
	at org.eclipse.jdt.ls.core.internal.handlers.JDTLanguageServer.initialize(JDTLanguageServer.java:283)
	at java.base/jdk.internal.reflect.NativeMethodAccessorImpl.invoke0(Native Method)
	at java.base/jdk.internal.reflect.NativeMethodAccessorImpl.invoke(NativeMethodAccessorImpl.java:77)
	at java.base/jdk.internal.reflect.DelegatingMethodAccessorImpl.invoke(DelegatingMethodAccessorImpl.java:43)
	at java.base/java.lang.reflect.Method.invoke(Method.java:569)
	at org.eclipse.lsp4j.jsonrpc.services.GenericEndpoint.lambda$recursiveFindRpcMethods$0(GenericEndpoint.java:65)
	at org.eclipse.lsp4j.jsonrpc.services.GenericEndpoint.request(GenericEndpoint.java:128)
	at org.eclipse.lsp4j.jsonrpc.RemoteEndpoint.handleRequest(RemoteEndpoint.java:271)
	at org.eclipse.lsp4j.jsonrpc.RemoteEndpoint.consume(RemoteEndpoint.java:201)
	at org.eclipse.jdt.ls.core.internal.ParentProcessWatcher.lambda$1(ParentProcessWatcher.java:144)
	at org.eclipse.lsp4j.jsonrpc.json.StreamMessageProducer.handleMessage(StreamMessageProducer.java:185)
	at org.eclipse.lsp4j.jsonrpc.json.StreamMessageProducer.listen(StreamMessageProducer.java:97)
	at org.eclipse.lsp4j.jsonrpc.json.ConcurrentMessageProcessor.run(ConcurrentMessageProcessor.java:114)
	at java.base/java.util.concurrent.Executors$RunnableAdapter.call(Executors.java:539)
	at java.base/java.util.concurrent.FutureTask.run(FutureTask.java:264)
	at java.base/java.util.concurrent.ThreadPoolExecutor.runWorker(ThreadPoolExecutor.java:1136)
	at java.base/java.util.concurrent.ThreadPoolExecutor$Worker.run(ThreadPoolExecutor.java:635)
	at java.base/java.lang.Thread.run(Thread.java:840)
Contains: Failed to get bundleInfo for bundle from /Users/ewanchukwilliam/.local/share/nvim/mason/share/java-test/com.microsoft.java.test.runner-jar-with-dependencies.jar
Contains: Failed to get bundleInfo for bundle from /Users/ewanchukwilliam/.local/share/nvim/mason/share/java-test/jacocoagent.jar
!SUBENTRY 1 org.eclipse.jdt.ls.core 4 0 2024-11-30 19:36:42.658
!MESSAGE Load bundle list
!SUBENTRY 2 org.eclipse.jdt.ls.core 4 0 2024-11-30 19:36:42.658
!MESSAGE Failed to get bundleInfo for bundle from /Users/ewanchukwilliam/.local/share/nvim/mason/share/java-test/com.microsoft.java.test.runner-jar-with-dependencies.jar
!SUBENTRY 2 org.eclipse.jdt.ls.core 4 0 2024-11-30 19:36:42.658
!MESSAGE Failed to get bundleInfo for bundle from /Users/ewanchukwilliam/.local/share/nvim/mason/share/java-test/jacocoagent.jar

!ENTRY org.eclipse.jdt.ls.core 1 0 2024-11-30 19:36:42.664
!MESSAGE Static Commands: []

!ENTRY org.eclipse.jdt.ls.core 1 0 2024-11-30 19:36:42.664
!MESSAGE Non-Static Commands: [java.project.import, java.project.changeImportedProjects, java.navigate.openTypeHierarchy, java.project.resolveStackTraceLocation, java.edit.handlePasteEvent, java.edit.stringFormatting, java.project.getSettings, java.project.resolveWorkspaceSymbol, java.project.upgradeGradle, java.project.createModuleInfo, java.vm.getAllInstalls, java.edit.organizeImports, java.project.refreshDiagnostics, java.project.removeFromSourcePath, java.project.listSourcePaths, java.project.updateSettings, java.project.getAll, java.reloadBundles, java.project.isTestFile, java.project.resolveText, java.project.getClasspaths, java.navigate.resolveTypeHierarchy, java.edit.smartSemicolonDetection, java.project.updateSourceAttachment, java.project.updateClassPaths, java.decompile, java.protobuf.generateSources, java.project.resolveSourceAttachment, java.project.updateJdk, java.project.addToSourcePath, java.completion.onDidSelect]

!ENTRY org.eclipse.jdt.ls.core 1 0 2024-11-30 19:36:42.665
!MESSAGE Static Commands: []

!ENTRY org.eclipse.jdt.ls.core 1 0 2024-11-30 19:36:42.665
!MESSAGE Non-Static Commands: [vscode.java.checkProjectSettings, vscode.java.isOnClasspath, vscode.java.fetchUsageData, vscode.java.validateLaunchConfig, vscode.java.resolveInlineVariables, vscode.java.resolveClassFilters, vscode.java.resolveMainMethod, vscode.java.resolveClasspath, vscode.java.resolveBuildFiles, vscode.java.resolveMainClass, vscode.java.updateDebugSettings, vscode.java.resolveSourceUri, vscode.java.fetchPlatformSettings, vscode.java.buildWorkspace, vscode.java.startDebugSession, vscode.java.inferLaunchCommandLength, vscode.java.resolveElementAtSelection, vscode.java.resolveJavaExecutable]

!ENTRY org.eclipse.jdt.ls.core 1 0 2024-11-30 19:36:42.665
!MESSAGE Static Commands: []

!ENTRY org.eclipse.jdt.ls.core 1 0 2024-11-30 19:36:42.666
!MESSAGE Non-Static Commands: [vscode.java.test.jacoco.getCoverageDetail, vscode.java.test.findJavaProjects, vscode.java.test.findTestPackagesAndTypes, vscode.java.test.findTestTypesAndMethods, vscode.java.test.resolvePath, vscode.java.test.findTestLocation, vscode.java.test.get.testpath, vscode.java.test.findDirectTestChildrenForClass, vscode.java.test.navigateToTestOrTarget, vscode.java.test.junit.argument, vscode.java.test.generateTests]

!ENTRY org.eclipse.jdt.ls.core 1 0 2024-11-30 19:36:42.678
!MESSAGE >> initialized

!ENTRY org.eclipse.jdt.ls.core 1 0 2024-11-30 19:36:42.689
!MESSAGE RepositoryRegistryUpdateJob finished 12ms

!ENTRY org.eclipse.jdt.ls.core 1 0 2024-11-30 19:36:42.700
!MESSAGE Workspace initialized in 24ms

!ENTRY org.eclipse.jdt.ls.core 1 0 2024-11-30 19:36:42.704
!MESSAGE >> initialization job finished

!ENTRY org.eclipse.jdt.ls.core 1 0 2024-11-30 19:36:42.792
!MESSAGE Default VM Install changed from  null to net.java.openjdk.jdk-/opt/homebrew/Cellar/openjdk@17/17.0.13/libexec/openjdk.jdk/Contents/Home

!ENTRY org.eclipse.jdt.ls.core 1 0 2024-11-30 19:36:43.027
!MESSAGE Setting /Library/Java/JavaVirtualMachines/openjdk-17.jdk/Contents/Home as 'JavaSE-17' environment (id:1733020602912)

!ENTRY org.eclipse.jdt.ls.core 1 0 2024-11-30 19:36:43.028
!MESSAGE Setting java.home /Library/Java/JavaVirtualMachines/openjdk-17.jdk/Contents/Home as default global VM

!ENTRY org.eclipse.jdt.ls.core 1 0 2024-11-30 19:36:43.030
!MESSAGE Default VM Install changed from  net.java.openjdk.jdk-/opt/homebrew/Cellar/openjdk@17/17.0.13/libexec/openjdk.jdk/Contents/Home to 1733020602912-/Library/Java/JavaVirtualMachines/openjdk-17.jdk/Contents/Home

!ENTRY org.eclipse.jdt.ls.core 1 0 2024-11-30 19:36:43.035
!MESSAGE JVM Runtimes changed, saving new configuration

!ENTRY org.eclipse.jdt.ls.core 1 0 2024-11-30 19:36:43.044
!MESSAGE Try to create an invisible project for the workspace /Users/ewanchukwilliam/School/ECE325/lab5/ece325_lab_assignment5/lab_assignment5

!ENTRY org.eclipse.jdt.ls.core 1 0 2024-11-30 19:36:43.045
!MESSAGE Creating the Java project lab_assignment5_fd388f73

!ENTRY org.eclipse.jdt.ls.core 1 0 2024-11-30 19:36:43.135
!MESSAGE Finished creating the Java project lab_assignment5_fd388f73

!ENTRY org.eclipse.jdt.ls.core 1 0 2024-11-30 19:36:43.138
!MESSAGE Successfully created a workspace invisible project lab_assignment5_fd388f73

!ENTRY java-debug 1 0 2024-11-30 19:36:43.623
!MESSAGE Starting com.microsoft.java.debug.plugin

!ENTRY org.eclipse.jdt.ls.core 4 0 2024-11-30 19:36:43.654
!MESSAGE Command _java.reloadBundles.command not supported on client

!ENTRY org.eclipse.jdt.ls.core 1 0 2024-11-30 19:36:43.746
!MESSAGE >> Updating classpath for project lab_assignment5_fd388f73

!ENTRY org.eclipse.jdt.ls.core 1 0 2024-11-30 19:36:43.750
!MESSAGE >> Adding /Users/ewanchukwilliam/School/ECE325/lab5/ece325_lab_assignment5/lab_assignment5/lib/junit-jupiter-engine-5.9.2.jar to the classpath

!ENTRY org.eclipse.jdt.ls.core 1 0 2024-11-30 19:36:43.751
!MESSAGE >> Adding /Users/ewanchukwilliam/School/ECE325/lab5/ece325_lab_assignment5/lab_assignment5/lib/junit-platform-console-standalone-1.8.2.jar to the classpath

!ENTRY org.eclipse.jdt.ls.core 1 0 2024-11-30 19:36:43.751
!MESSAGE >> Adding /Users/ewanchukwilliam/School/ECE325/lab5/ece325_lab_assignment5/lab_assignment5/lib/junit-platform-engine-1.8.2.jar to the classpath

!ENTRY org.eclipse.jdt.ls.core 1 0 2024-11-30 19:36:43.751
!MESSAGE >> Adding /Users/ewanchukwilliam/School/ECE325/lab5/ece325_lab_assignment5/lab_assignment5/lib/junit-jupiter-api-5.8.2.jar to the classpath

!ENTRY org.eclipse.jdt.ls.core 1 0 2024-11-30 19:36:43.752
!MESSAGE >> Adding /Users/ewanchukwilliam/School/ECE325/lab5/ece325_lab_assignment5/lab_assignment5/lib/opentest4j-1.2.0.jar to the classpath

!ENTRY org.eclipse.jdt.ls.core 1 0 2024-11-30 19:36:43.752
!MESSAGE >> Adding /Users/ewanchukwilliam/School/ECE325/lab5/ece325_lab_assignment5/lab_assignment5/lib/junit-jupiter-engine-5.8.2.jar to the classpath

!ENTRY org.eclipse.jdt.ls.core 1 0 2024-11-30 19:36:43.752
!MESSAGE >> Adding /Users/ewanchukwilliam/School/ECE325/lab5/ece325_lab_assignment5/lab_assignment5/lib/junit-jupiter-api-5.9.2.jar to the classpath

!ENTRY org.eclipse.jdt.ls.core 1 0 2024-11-30 19:36:43.752
!MESSAGE >> Adding /Users/ewanchukwilliam/School/ECE325/lab5/ece325_lab_assignment5/lab_assignment5/lib/junit-platform-commons-1.8.2.jar to the classpath

!ENTRY org.eclipse.jdt.ls.core 1 0 2024-11-30 19:36:43.852
!MESSAGE >> build jobs finished

!ENTRY org.eclipse.jdt.ls.core 1 0 2024-11-30 19:36:43.853
!MESSAGE >> registerWatchers'

!ENTRY org.eclipse.jdt.ls.core 1 0 2024-11-30 19:36:43.855
!MESSAGE >> registerFeature 'workspace/didChangeWatchedFiles'

!ENTRY org.eclipse.jdt.ls.core 1 0 2024-11-30 19:36:44.243
!MESSAGE Reconciled 2. Took 1 ms

!ENTRY org.eclipse.jdt.ls.core 1 0 2024-11-30 19:36:44.888
!MESSAGE begin problem for /TestSalary.java

!ENTRY org.eclipse.jdt.ls.core 1 0 2024-11-30 19:36:44.889
!MESSAGE 1 problems reported for /TestSalary.java

!ENTRY org.eclipse.jdt.ls.core 1 0 2024-11-30 19:36:44.899
!MESSAGE begin problem for /Salary.java

!ENTRY org.eclipse.jdt.ls.core 1 0 2024-11-30 19:36:44.900
!MESSAGE 1 problems reported for /Salary.java

!ENTRY org.eclipse.jdt.ls.core 1 0 2024-11-30 19:36:44.900
!MESSAGE Validated 2. Took 57 ms

!ENTRY java-debug 1 0 2024-11-30 19:36:51.682
!MESSAGE Trying to launch Java Program with options:
main-class: org.eclipse.jdt.internal.junit.runner.RemoteTestRunner
args: -version 3 -port 49829 -testLoaderClass org.eclipse.jdt.internal.junit5.runner.JUnit5TestLoader -loaderpluginname org.eclipse.jdt.junit5.runtime -test TestSalary:testNormalSalaryPayment
module-path: 
class-path: /Users/ewanchukwilliam/School/ECE325/lab5/ece325_lab_assignment5/lab_assignment5lab_assignment5/lab_assignment5_fd388f73/bin:/Users/ewanchukwilliam/School/ECE325/lab5/ece325_lab_assignment5/lab_assignment5/lib/junit-jupiter-engine-5.9.2.jar:/Users/ewanchukwilliam/School/ECE325/lab5/ece325_lab_assignment5/lab_assignment5/lib/junit-platform-console-standalone-1.8.2.jar:/Users/ewanchukwilliam/School/ECE325/lab5/ece325_lab_assignment5/lab_assignment5/lib/junit-platform-engine-1.8.2.jar:/Users/ewanchukwilliam/School/ECE325/lab5/ece325_lab_assignment5/lab_assignment5/lib/junit-jupiter-api-5.8.2.jar:/Users/ewanchukwilliam/School/ECE325/lab5/ece325_lab_assignment5/lab_assignment5/lib/opentest4j-1.2.0.jar:/Users/ewanchukwilliam/School/ECE325/lab5/ece325_lab_assignment5/lab_assignment5/lib/junit-jupiter-engine-5.8.2.jar:/Users/ewanchukwilliam/School/ECE325/lab5/ece325_lab_assignment5/lab_assignment5/lib/junit-jupiter-api-5.9.2.jar:/Users/ewanchukwilliam/School/ECE325/lab5/ece325_lab_assignment5/lab_assignment5/lib/junit-platform-commons-1.8.2.jar:/Users/ewanchukwilliam/.local/share/nvim/mason/packages/jdtls/config_mac_arm/org.eclipse.osgi/114/0/.cp:/Users/ewanchukwilliam/.local/share/nvim/mason/packages/jdtls/config_mac_arm/org.eclipse.osgi/56/0/.cp:/Users/ewanchukwilliam/.local/share/nvim/mason/packages/jdtls/config_mac_arm/org.eclipse.osgi/106/0/.cp
vmArgs: -ea

!ENTRY java-debug 1 0 2024-11-30 19:36:51.748
!MESSAGE Launching debuggee in terminal console succeeded.

!ENTRY java-debug 1 0 2024-11-30 19:36:51.999
!MESSAGE Debug connection closed

!ENTRY java-debug 1 0 2024-11-30 19:36:57.736
!MESSAGE Trying to launch Java Program with options:
main-class: org.eclipse.jdt.internal.junit.runner.RemoteTestRunner
args: -version 3 -port 49836 -testLoaderClass org.eclipse.jdt.internal.junit5.runner.JUnit5TestLoader -loaderpluginname org.eclipse.jdt.junit5.runtime -testNameFile /var/folders/gd/w0svgtnj2bd950d0zzq3m2400000gn/T/testNames10532002127039824868.txt
module-path: 
class-path: /Users/ewanchukwilliam/School/ECE325/lab5/ece325_lab_assignment5/lab_assignment5lab_assignment5/lab_assignment5_fd388f73/bin:/Users/ewanchukwilliam/School/ECE325/lab5/ece325_lab_assignment5/lab_assignment5/lib/junit-jupiter-engine-5.9.2.jar:/Users/ewanchukwilliam/School/ECE325/lab5/ece325_lab_assignment5/lab_assignment5/lib/junit-platform-console-standalone-1.8.2.jar:/Users/ewanchukwilliam/School/ECE325/lab5/ece325_lab_assignment5/lab_assignment5/lib/junit-platform-engine-1.8.2.jar:/Users/ewanchukwilliam/School/ECE325/lab5/ece325_lab_assignment5/lab_assignment5/lib/junit-jupiter-api-5.8.2.jar:/Users/ewanchukwilliam/School/ECE325/lab5/ece325_lab_assignment5/lab_assignment5/lib/opentest4j-1.2.0.jar:/Users/ewanchukwilliam/School/ECE325/lab5/ece325_lab_assignment5/lab_assignment5/lib/junit-jupiter-engine-5.8.2.jar:/Users/ewanchukwilliam/School/ECE325/lab5/ece325_lab_assignment5/lab_assignment5/lib/junit-jupiter-api-5.9.2.jar:/Users/ewanchukwilliam/School/ECE325/lab5/ece325_lab_assignment5/lab_assignment5/lib/junit-platform-commons-1.8.2.jar:/Users/ewanchukwilliam/.local/share/nvim/mason/packages/jdtls/config_mac_arm/org.eclipse.osgi/114/0/.cp:/Users/ewanchukwilliam/.local/share/nvim/mason/packages/jdtls/config_mac_arm/org.eclipse.osgi/56/0/.cp:/Users/ewanchukwilliam/.local/share/nvim/mason/packages/jdtls/config_mac_arm/org.eclipse.osgi/106/0/.cp
vmArgs: -ea

!ENTRY java-debug 1 0 2024-11-30 19:36:57.784
!MESSAGE Launching debuggee in terminal console succeeded.

!ENTRY java-debug 1 0 2024-11-30 19:36:57.998
!MESSAGE Debug connection closed

!ENTRY org.eclipse.jdt.ls.core 1 0 2024-11-30 19:39:11.233
!MESSAGE Reconciled 1. Took 16 ms

!ENTRY org.eclipse.jdt.ls.core 1 0 2024-11-30 19:39:11.667
!MESSAGE begin problem for /TestSalary.java

!ENTRY org.eclipse.jdt.ls.core 1 0 2024-11-30 19:39:11.667
!MESSAGE 7 problems reported for /TestSalary.java

!ENTRY org.eclipse.jdt.ls.core 1 0 2024-11-30 19:39:11.668
!MESSAGE Validated 1. Took 31 ms

!ENTRY org.eclipse.jdt.ls.core 1 0 2024-11-30 19:39:18.391
!MESSAGE Reconciled 1. Took 5 ms

!ENTRY org.eclipse.jdt.ls.core 1 0 2024-11-30 19:39:18.533
!MESSAGE Reconciled 1. Took 1 ms

!ENTRY org.eclipse.jdt.ls.core 1 0 2024-11-30 19:39:18.958
!MESSAGE begin problem for /TestSalary.java

!ENTRY org.eclipse.jdt.ls.core 1 0 2024-11-30 19:39:18.959
!MESSAGE 1 problems reported for /TestSalary.java

!ENTRY org.eclipse.jdt.ls.core 1 0 2024-11-30 19:39:18.973
!MESSAGE begin problem for /Salary.java

!ENTRY org.eclipse.jdt.ls.core 1 0 2024-11-30 19:39:18.973
!MESSAGE 1 problems reported for /Salary.java

!ENTRY org.eclipse.jdt.ls.core 1 0 2024-11-30 19:39:18.974
!MESSAGE Validated 2. Took 36 ms

!ENTRY org.eclipse.jdt.ls.core 1 0 2024-11-30 19:41:37.913
!MESSAGE Reconciled 1. Took 2 ms

!ENTRY org.eclipse.jdt.ls.core 1 0 2024-11-30 19:41:38.337
!MESSAGE begin problem for /TestSalary.java

!ENTRY org.eclipse.jdt.ls.core 1 0 2024-11-30 19:41:38.338
!MESSAGE 7 problems reported for /TestSalary.java

!ENTRY org.eclipse.jdt.ls.core 1 0 2024-11-30 19:41:38.338
!MESSAGE Validated 1. Took 19 ms

!ENTRY org.eclipse.jdt.ls.core 1 0 2024-11-30 19:41:38.883
!MESSAGE Reconciled 1. Took 0 ms

!ENTRY org.eclipse.jdt.ls.core 1 0 2024-11-30 19:41:39.301
!MESSAGE begin problem for /TestSalary.java

!ENTRY org.eclipse.jdt.ls.core 1 0 2024-11-30 19:41:39.302
!MESSAGE 7 problems reported for /TestSalary.java

!ENTRY org.eclipse.jdt.ls.core 1 0 2024-11-30 19:41:39.308
!MESSAGE begin problem for /Salary.java

!ENTRY org.eclipse.jdt.ls.core 1 0 2024-11-30 19:41:39.309
!MESSAGE 1 problems reported for /Salary.java

!ENTRY org.eclipse.jdt.ls.core 1 0 2024-11-30 19:41:39.309
!MESSAGE Validated 2. Took 25 ms

!ENTRY org.eclipse.jdt.ls.core 1 0 2024-11-30 19:41:58.573
!MESSAGE Reconciled 1. Took 1 ms

!ENTRY org.eclipse.jdt.ls.core 1 0 2024-11-30 19:41:58.723
!MESSAGE Reconciled 1. Took 2 ms

!ENTRY org.eclipse.jdt.ls.core 1 0 2024-11-30 19:41:59.160
!MESSAGE begin problem for /TestSalary.java

!ENTRY org.eclipse.jdt.ls.core 1 0 2024-11-30 19:41:59.161
!MESSAGE 1 problems reported for /TestSalary.java

!ENTRY org.eclipse.jdt.ls.core 1 0 2024-11-30 19:41:59.161
!MESSAGE Validated 1. Took 32 ms

!ENTRY org.eclipse.jdt.ls.core 1 0 2024-11-30 19:41:59.645
!MESSAGE Reconciled 1. Took 0 ms

!ENTRY org.eclipse.jdt.ls.core 1 0 2024-11-30 19:42:00.066
!MESSAGE begin problem for /TestSalary.java

!ENTRY org.eclipse.jdt.ls.core 1 0 2024-11-30 19:42:00.066
!MESSAGE 1 problems reported for /TestSalary.java

!ENTRY org.eclipse.jdt.ls.core 1 0 2024-11-30 19:42:00.075
!MESSAGE begin problem for /Salary.java

!ENTRY org.eclipse.jdt.ls.core 1 0 2024-11-30 19:42:00.075
!MESSAGE 1 problems reported for /Salary.java

!ENTRY org.eclipse.jdt.ls.core 1 0 2024-11-30 19:42:00.075
!MESSAGE Validated 2. Took 24 ms

!ENTRY java-debug 1 0 2024-11-30 19:42:13.950
!MESSAGE Trying to launch Java Program with options:
main-class: org.eclipse.jdt.internal.junit.runner.RemoteTestRunner
args: -version 3 -port 49849 -testLoaderClass org.eclipse.jdt.internal.junit5.runner.JUnit5TestLoader -loaderpluginname org.eclipse.jdt.junit5.runtime -test TestSalary:testNormalSalaryPayment
module-path: 
class-path: /Users/ewanchukwilliam/School/ECE325/lab5/ece325_lab_assignment5/lab_assignment5lab_assignment5/lab_assignment5_fd388f73/bin:/Users/ewanchukwilliam/School/ECE325/lab5/ece325_lab_assignment5/lab_assignment5/lib/junit-jupiter-engine-5.9.2.jar:/Users/ewanchukwilliam/School/ECE325/lab5/ece325_lab_assignment5/lab_assignment5/lib/junit-platform-console-standalone-1.8.2.jar:/Users/ewanchukwilliam/School/ECE325/lab5/ece325_lab_assignment5/lab_assignment5/lib/junit-platform-engine-1.8.2.jar:/Users/ewanchukwilliam/School/ECE325/lab5/ece325_lab_assignment5/lab_assignment5/lib/junit-jupiter-api-5.8.2.jar:/Users/ewanchukwilliam/School/ECE325/lab5/ece325_lab_assignment5/lab_assignment5/lib/opentest4j-1.2.0.jar:/Users/ewanchukwilliam/School/ECE325/lab5/ece325_lab_assignment5/lab_assignment5/lib/junit-jupiter-engine-5.8.2.jar:/Users/ewanchukwilliam/School/ECE325/lab5/ece325_lab_assignment5/lab_assignment5/lib/junit-jupiter-api-5.9.2.jar:/Users/ewanchukwilliam/School/ECE325/lab5/ece325_lab_assignment5/lab_assignment5/lib/junit-platform-commons-1.8.2.jar:/Users/ewanchukwilliam/.local/share/nvim/mason/packages/jdtls/config_mac_arm/org.eclipse.osgi/114/0/.cp:/Users/ewanchukwilliam/.local/share/nvim/mason/packages/jdtls/config_mac_arm/org.eclipse.osgi/56/0/.cp:/Users/ewanchukwilliam/.local/share/nvim/mason/packages/jdtls/config_mac_arm/org.eclipse.osgi/106/0/.cp
vmArgs: -ea

!ENTRY java-debug 1 0 2024-11-30 19:42:14.003
!MESSAGE Launching debuggee in terminal console succeeded.

!ENTRY java-debug 1 0 2024-11-30 19:42:14.201
!MESSAGE Debug connection closed

!ENTRY java-debug 1 0 2024-11-30 19:42:19.183
!MESSAGE Trying to launch Java Program with options:
main-class: org.eclipse.jdt.internal.junit.runner.RemoteTestRunner
args: -version 3 -port 49855 -testLoaderClass org.eclipse.jdt.internal.junit5.runner.JUnit5TestLoader -loaderpluginname org.eclipse.jdt.junit5.runtime -test TestSalary:testNormalSalaryPayment
module-path: 
class-path: /Users/ewanchukwilliam/School/ECE325/lab5/ece325_lab_assignment5/lab_assignment5lab_assignment5/lab_assignment5_fd388f73/bin:/Users/ewanchukwilliam/School/ECE325/lab5/ece325_lab_assignment5/lab_assignment5/lib/junit-jupiter-engine-5.9.2.jar:/Users/ewanchukwilliam/School/ECE325/lab5/ece325_lab_assignment5/lab_assignment5/lib/junit-platform-console-standalone-1.8.2.jar:/Users/ewanchukwilliam/School/ECE325/lab5/ece325_lab_assignment5/lab_assignment5/lib/junit-platform-engine-1.8.2.jar:/Users/ewanchukwilliam/School/ECE325/lab5/ece325_lab_assignment5/lab_assignment5/lib/junit-jupiter-api-5.8.2.jar:/Users/ewanchukwilliam/School/ECE325/lab5/ece325_lab_assignment5/lab_assignment5/lib/opentest4j-1.2.0.jar:/Users/ewanchukwilliam/School/ECE325/lab5/ece325_lab_assignment5/lab_assignment5/lib/junit-jupiter-engine-5.8.2.jar:/Users/ewanchukwilliam/School/ECE325/lab5/ece325_lab_assignment5/lab_assignment5/lib/junit-jupiter-api-5.9.2.jar:/Users/ewanchukwilliam/School/ECE325/lab5/ece325_lab_assignment5/lab_assignment5/lib/junit-platform-commons-1.8.2.jar:/Users/ewanchukwilliam/.local/share/nvim/mason/packages/jdtls/config_mac_arm/org.eclipse.osgi/114/0/.cp:/Users/ewanchukwilliam/.local/share/nvim/mason/packages/jdtls/config_mac_arm/org.eclipse.osgi/56/0/.cp:/Users/ewanchukwilliam/.local/share/nvim/mason/packages/jdtls/config_mac_arm/org.eclipse.osgi/106/0/.cp
vmArgs: -ea

!ENTRY java-debug 1 0 2024-11-30 19:42:19.232
!MESSAGE Launching debuggee in terminal console succeeded.

!ENTRY java-debug 1 0 2024-11-30 19:42:19.444
!MESSAGE Debug connection closed

!ENTRY org.eclipse.jdt.ls.core 1 0 2024-11-30 19:42:22.209
!MESSAGE Reconciled 1. Took 0 ms

!ENTRY org.eclipse.jdt.ls.core 1 0 2024-11-30 19:42:22.626
!MESSAGE begin problem for /TestSalary.java

!ENTRY org.eclipse.jdt.ls.core 1 0 2024-11-30 19:42:22.627
!MESSAGE 1 problems reported for /TestSalary.java

!ENTRY org.eclipse.jdt.ls.core 1 0 2024-11-30 19:42:22.627
!MESSAGE Validated 1. Took 17 ms

!ENTRY org.eclipse.jdt.ls.core 1 0 2024-11-30 19:42:23.517
!MESSAGE Projects updated in 6 ms

!ENTRY org.eclipse.jdt.ls.core 1 0 2024-11-30 19:42:23.555
!MESSAGE >> registerWatchers'

!ENTRY java-debug 1 0 2024-11-30 19:42:30.630
!MESSAGE Trying to launch Java Program with options:
main-class: org.eclipse.jdt.internal.junit.runner.RemoteTestRunner
args: -version 3 -port 49862 -testLoaderClass org.eclipse.jdt.internal.junit5.runner.JUnit5TestLoader -loaderpluginname org.eclipse.jdt.junit5.runtime -test TestSalary:testNormalSalaryPayment
module-path: 
class-path: /Users/ewanchukwilliam/School/ECE325/lab5/ece325_lab_assignment5/lab_assignment5lab_assignment5/lab_assignment5_fd388f73/bin:/Users/ewanchukwilliam/School/ECE325/lab5/ece325_lab_assignment5/lab_assignment5/lib/junit-jupiter-engine-5.9.2.jar:/Users/ewanchukwilliam/School/ECE325/lab5/ece325_lab_assignment5/lab_assignment5/lib/junit-platform-console-standalone-1.8.2.jar:/Users/ewanchukwilliam/School/ECE325/lab5/ece325_lab_assignment5/lab_assignment5/lib/junit-platform-engine-1.8.2.jar:/Users/ewanchukwilliam/School/ECE325/lab5/ece325_lab_assignment5/lab_assignment5/lib/junit-jupiter-api-5.8.2.jar:/Users/ewanchukwilliam/School/ECE325/lab5/ece325_lab_assignment5/lab_assignment5/lib/opentest4j-1.2.0.jar:/Users/ewanchukwilliam/School/ECE325/lab5/ece325_lab_assignment5/lab_assignment5/lib/junit-jupiter-engine-5.8.2.jar:/Users/ewanchukwilliam/School/ECE325/lab5/ece325_lab_assignment5/lab_assignment5/lib/junit-jupiter-api-5.9.2.jar:/Users/ewanchukwilliam/School/ECE325/lab5/ece325_lab_assignment5/lab_assignment5/lib/junit-platform-commons-1.8.2.jar:/Users/ewanchukwilliam/.local/share/nvim/mason/packages/jdtls/config_mac_arm/org.eclipse.osgi/114/0/.cp:/Users/ewanchukwilliam/.local/share/nvim/mason/packages/jdtls/config_mac_arm/org.eclipse.osgi/56/0/.cp:/Users/ewanchukwilliam/.local/share/nvim/mason/packages/jdtls/config_mac_arm/org.eclipse.osgi/106/0/.cp
vmArgs: -ea

!ENTRY java-debug 1 0 2024-11-30 19:42:30.679
!MESSAGE Launching debuggee in terminal console succeeded.

!ENTRY java-debug 1 0 2024-11-30 19:42:30.879
!MESSAGE Debug connection closed

!ENTRY org.eclipse.jdt.ls.core 1 0 2024-11-30 19:46:37.323
!MESSAGE >> shutdown

!ENTRY org.eclipse.jdt.ls.core 1 0 2024-11-30 19:46:37.335
!MESSAGE >> exit

!ENTRY org.eclipse.jdt.ls.core 1 0 2024-11-30 19:46:37.337
!MESSAGE Shutdown received... waking up main thread

!ENTRY org.eclipse.jdt.ls.core 1 0 2024-11-30 19:46:37.339
!MESSAGE class org.eclipse.jdt.ls.core.internal.JavaLanguageServerPlugin is stopping:
!SESSION 2024-11-30 19:46:40.037 -----------------------------------------------
eclipse.buildId=unknown
java.version=17.0.13
java.vendor=Homebrew
BootLoader constants: OS=macosx, ARCH=aarch64, WS=cocoa, NL=en_CA
Command-line arguments:  -data /Users/ewanchukwilliam/School/ECE325/lab5/ece325_lab_assignment5/lab_assignment5lab_assignment5

!ENTRY org.eclipse.jdt.ls.core 1 0 2024-11-30 19:46:40.875
!MESSAGE class org.eclipse.jdt.ls.core.internal.JavaLanguageServerPlugin is started

!ENTRY org.eclipse.jdt.ls.core 1 0 2024-11-30 19:46:40.971
!MESSAGE Main thread is waiting

!ENTRY org.eclipse.jdt.ls.core 1 0 2024-11-30 19:46:40.984
!MESSAGE >> initialize

!ENTRY org.eclipse.jdt.ls.core 1 0 2024-11-30 19:46:40.985
!MESSAGE Initializing Java Language Server 1.41.0.202410311350

!ENTRY org.eclipse.jdt.ls.core 1 0 2024-11-30 19:46:40.987
!MESSAGE Started org.eclipse.m2e.core 0ms

!ENTRY org.eclipse.jdt.ls.core 1 0 2024-11-30 19:46:41.376
!MESSAGE ProjectRegistryRefreshJob finished 389ms

!ENTRY org.eclipse.jdt.ls.core 1 0 2024-11-30 19:46:41.395
!MESSAGE Started org.eclipse.buildship.core 19ms

!ENTRY org.eclipse.jdt.ls.core 1 0 2024-11-30 19:46:41.402
!MESSAGE Uninstalled reference:file:/Users/ewanchukwilliam/.local/share/nvim/mason/share/java-test/com.microsoft.java.test.plugin.jar

!ENTRY org.eclipse.jdt.ls.core 1 0 2024-11-30 19:46:41.405
!MESSAGE Installed reference:file:/Users/ewanchukwilliam/.local/share/nvim/mason/share/java-test/com.microsoft.java.test.plugin-0.41.1.jar

!ENTRY org.eclipse.jdt.ls.core 1 0 2024-11-30 19:46:41.407
!MESSAGE Uninstalled reference:file:/Users/ewanchukwilliam/.local/share/nvim/mason/share/java-test/com.microsoft.java.test.plugin-0.41.1.jar

!ENTRY org.eclipse.jdt.ls.core 1 0 2024-11-30 19:46:41.407
!MESSAGE Installed reference:file:/Users/ewanchukwilliam/.local/share/nvim/mason/share/java-test/com.microsoft.java.test.plugin.jar

!ENTRY org.eclipse.jdt.ls.core 1 0 2024-11-30 19:46:41.411
!MESSAGE Refresh the bundles

!ENTRY org.eclipse.jdt.ls.core 1 0 2024-11-30 19:46:41.429
!MESSAGE Finished Refreshing bundles

!ENTRY org.eclipse.jdt.ls.core 4 0 2024-11-30 19:46:41.430
!MESSAGE Failed to load extension bundles 
!STACK 1
org.eclipse.core.runtime.CoreException: Load bundle list
	at org.eclipse.jdt.ls.core.internal.handlers.BundleUtils.loadBundles(BundleUtils.java:173)
	at org.eclipse.jdt.ls.core.internal.handlers.InitHandler.handleInitializationOptions(InitHandler.java:113)
	at org.eclipse.jdt.ls.core.internal.handlers.BaseInitHandler.initialize(BaseInitHandler.java:68)
	at org.eclipse.jdt.ls.core.internal.handlers.JDTLanguageServer.initialize(JDTLanguageServer.java:283)
	at java.base/jdk.internal.reflect.NativeMethodAccessorImpl.invoke0(Native Method)
	at java.base/jdk.internal.reflect.NativeMethodAccessorImpl.invoke(NativeMethodAccessorImpl.java:77)
	at java.base/jdk.internal.reflect.DelegatingMethodAccessorImpl.invoke(DelegatingMethodAccessorImpl.java:43)
	at java.base/java.lang.reflect.Method.invoke(Method.java:569)
	at org.eclipse.lsp4j.jsonrpc.services.GenericEndpoint.lambda$recursiveFindRpcMethods$0(GenericEndpoint.java:65)
	at org.eclipse.lsp4j.jsonrpc.services.GenericEndpoint.request(GenericEndpoint.java:128)
	at org.eclipse.lsp4j.jsonrpc.RemoteEndpoint.handleRequest(RemoteEndpoint.java:271)
	at org.eclipse.lsp4j.jsonrpc.RemoteEndpoint.consume(RemoteEndpoint.java:201)
	at org.eclipse.jdt.ls.core.internal.ParentProcessWatcher.lambda$1(ParentProcessWatcher.java:144)
	at org.eclipse.lsp4j.jsonrpc.json.StreamMessageProducer.handleMessage(StreamMessageProducer.java:185)
	at org.eclipse.lsp4j.jsonrpc.json.StreamMessageProducer.listen(StreamMessageProducer.java:97)
	at org.eclipse.lsp4j.jsonrpc.json.ConcurrentMessageProcessor.run(ConcurrentMessageProcessor.java:114)
	at java.base/java.util.concurrent.Executors$RunnableAdapter.call(Executors.java:539)
	at java.base/java.util.concurrent.FutureTask.run(FutureTask.java:264)
	at java.base/java.util.concurrent.ThreadPoolExecutor.runWorker(ThreadPoolExecutor.java:1136)
	at java.base/java.util.concurrent.ThreadPoolExecutor$Worker.run(ThreadPoolExecutor.java:635)
	at java.base/java.lang.Thread.run(Thread.java:840)
Contains: Failed to get bundleInfo for bundle from /Users/ewanchukwilliam/.local/share/nvim/mason/share/java-test/com.microsoft.java.test.runner-jar-with-dependencies.jar
Contains: Failed to get bundleInfo for bundle from /Users/ewanchukwilliam/.local/share/nvim/mason/share/java-test/jacocoagent.jar
!SUBENTRY 1 org.eclipse.jdt.ls.core 4 0 2024-11-30 19:46:41.430
!MESSAGE Load bundle list
!SUBENTRY 2 org.eclipse.jdt.ls.core 4 0 2024-11-30 19:46:41.430
!MESSAGE Failed to get bundleInfo for bundle from /Users/ewanchukwilliam/.local/share/nvim/mason/share/java-test/com.microsoft.java.test.runner-jar-with-dependencies.jar
!SUBENTRY 2 org.eclipse.jdt.ls.core 4 0 2024-11-30 19:46:41.430
!MESSAGE Failed to get bundleInfo for bundle from /Users/ewanchukwilliam/.local/share/nvim/mason/share/java-test/jacocoagent.jar

!ENTRY org.eclipse.jdt.ls.core 1 0 2024-11-30 19:46:41.435
!MESSAGE Static Commands: []

!ENTRY org.eclipse.jdt.ls.core 1 0 2024-11-30 19:46:41.435
!MESSAGE Non-Static Commands: [java.project.import, java.project.changeImportedProjects, java.navigate.openTypeHierarchy, java.project.resolveStackTraceLocation, java.edit.handlePasteEvent, java.edit.stringFormatting, java.project.getSettings, java.project.resolveWorkspaceSymbol, java.project.upgradeGradle, java.project.createModuleInfo, java.vm.getAllInstalls, java.edit.organizeImports, java.project.refreshDiagnostics, java.project.removeFromSourcePath, java.project.listSourcePaths, java.project.updateSettings, java.project.getAll, java.reloadBundles, java.project.isTestFile, java.project.resolveText, java.project.getClasspaths, java.navigate.resolveTypeHierarchy, java.edit.smartSemicolonDetection, java.project.updateSourceAttachment, java.project.updateClassPaths, java.decompile, java.protobuf.generateSources, java.project.resolveSourceAttachment, java.project.updateJdk, java.project.addToSourcePath, java.completion.onDidSelect]

!ENTRY org.eclipse.jdt.ls.core 1 0 2024-11-30 19:46:41.435
!MESSAGE Static Commands: []

!ENTRY org.eclipse.jdt.ls.core 1 0 2024-11-30 19:46:41.435
!MESSAGE Non-Static Commands: [vscode.java.checkProjectSettings, vscode.java.isOnClasspath, vscode.java.fetchUsageData, vscode.java.validateLaunchConfig, vscode.java.resolveInlineVariables, vscode.java.resolveClassFilters, vscode.java.resolveMainMethod, vscode.java.resolveClasspath, vscode.java.resolveBuildFiles, vscode.java.resolveMainClass, vscode.java.updateDebugSettings, vscode.java.resolveSourceUri, vscode.java.fetchPlatformSettings, vscode.java.buildWorkspace, vscode.java.startDebugSession, vscode.java.inferLaunchCommandLength, vscode.java.resolveElementAtSelection, vscode.java.resolveJavaExecutable]

!ENTRY org.eclipse.jdt.ls.core 1 0 2024-11-30 19:46:41.435
!MESSAGE Static Commands: []

!ENTRY org.eclipse.jdt.ls.core 1 0 2024-11-30 19:46:41.436
!MESSAGE Non-Static Commands: [vscode.java.test.jacoco.getCoverageDetail, vscode.java.test.findJavaProjects, vscode.java.test.findTestPackagesAndTypes, vscode.java.test.findTestTypesAndMethods, vscode.java.test.resolvePath, vscode.java.test.findTestLocation, vscode.java.test.get.testpath, vscode.java.test.findDirectTestChildrenForClass, vscode.java.test.navigateToTestOrTarget, vscode.java.test.junit.argument, vscode.java.test.generateTests]

!ENTRY org.eclipse.jdt.ls.core 1 0 2024-11-30 19:46:41.454
!MESSAGE >> initialized

!ENTRY org.eclipse.jdt.ls.core 1 0 2024-11-30 19:46:41.478
!MESSAGE RepositoryRegistryUpdateJob finished 24ms

!ENTRY org.eclipse.jdt.ls.core 1 0 2024-11-30 19:46:41.502
!MESSAGE Workspace initialized in 48ms

!ENTRY org.eclipse.jdt.ls.core 1 0 2024-11-30 19:46:41.515
!MESSAGE >> initialization job finished

!ENTRY org.eclipse.jdt.ls.core 4 0 2024-11-30 19:46:42.137
!MESSAGE Command _java.reloadBundles.command not supported on client

!ENTRY java-debug 1 0 2024-11-30 19:46:42.138
!MESSAGE Starting com.microsoft.java.debug.plugin

!ENTRY org.eclipse.jdt.ls.core 1 0 2024-11-30 19:46:42.144
!MESSAGE Clearing problems for /TestSalary.java

!ENTRY org.eclipse.jdt.ls.core 1 0 2024-11-30 19:46:42.265
!MESSAGE Reconciled 1. Took 0 ms

!ENTRY org.eclipse.jdt.ls.core 1 0 2024-11-30 19:46:42.284
!MESSAGE begin problem for /TestSalary.java

!ENTRY org.eclipse.jdt.ls.core 1 0 2024-11-30 19:46:42.287
!MESSAGE 1 problems reported for /TestSalary.java

!ENTRY org.eclipse.jdt.ls.core 1 0 2024-11-30 19:46:42.397
!MESSAGE Reconciled 1. Took 0 ms

!ENTRY org.eclipse.jdt.ls.core 1 0 2024-11-30 19:46:42.403
!MESSAGE >> build jobs finished

!ENTRY org.eclipse.jdt.ls.core 1 0 2024-11-30 19:46:42.404
!MESSAGE >> registerWatchers'

!ENTRY org.eclipse.jdt.ls.core 1 0 2024-11-30 19:46:42.406
!MESSAGE >> registerFeature 'workspace/didChangeWatchedFiles'

!ENTRY org.eclipse.jdt.ls.core 1 0 2024-11-30 19:46:43.041
!MESSAGE begin problem for /TestSalary.java

!ENTRY org.eclipse.jdt.ls.core 1 0 2024-11-30 19:46:43.042
!MESSAGE 1 problems reported for /TestSalary.java

!ENTRY org.eclipse.jdt.ls.core 1 0 2024-11-30 19:46:43.042
!MESSAGE Validated 1. Took 43 ms

!ENTRY java-debug 1 0 2024-11-30 19:46:51.465
!MESSAGE Trying to launch Java Program with options:
main-class: org.eclipse.jdt.internal.junit.runner.RemoteTestRunner
args: -version 3 -port 49878 -testLoaderClass org.eclipse.jdt.internal.junit5.runner.JUnit5TestLoader -loaderpluginname org.eclipse.jdt.junit5.runtime -test TestSalary:testNormalSalaryPayment
module-path: 
class-path: /Users/ewanchukwilliam/School/ECE325/lab5/ece325_lab_assignment5/lab_assignment5/lib/junit-jupiter-engine-5.9.2.jar:/Users/ewanchukwilliam/School/ECE325/lab5/ece325_lab_assignment5/lab_assignment5/lib/junit-platform-console-standalone-1.8.2.jar:/Users/ewanchukwilliam/School/ECE325/lab5/ece325_lab_assignment5/lab_assignment5/lib/junit-platform-engine-1.8.2.jar:/Users/ewanchukwilliam/School/ECE325/lab5/ece325_lab_assignment5/lab_assignment5/lib/junit-jupiter-api-5.8.2.jar:/Users/ewanchukwilliam/School/ECE325/lab5/ece325_lab_assignment5/lab_assignment5/lib/opentest4j-1.2.0.jar:/Users/ewanchukwilliam/School/ECE325/lab5/ece325_lab_assignment5/lab_assignment5/lib/junit-jupiter-engine-5.8.2.jar:/Users/ewanchukwilliam/School/ECE325/lab5/ece325_lab_assignment5/lab_assignment5/lib/junit-jupiter-api-5.9.2.jar:/Users/ewanchukwilliam/School/ECE325/lab5/ece325_lab_assignment5/lab_assignment5/lib/junit-platform-commons-1.8.2.jar:/Users/ewanchukwilliam/School/ECE325/lab5/ece325_lab_assignment5/lab_assignment5lab_assignment5/lab_assignment5_fd388f73/bin:/Users/ewanchukwilliam/.local/share/nvim/mason/packages/jdtls/config_mac_arm/org.eclipse.osgi/114/0/.cp:/Users/ewanchukwilliam/.local/share/nvim/mason/packages/jdtls/config_mac_arm/org.eclipse.osgi/56/0/.cp:/Users/ewanchukwilliam/.local/share/nvim/mason/packages/jdtls/config_mac_arm/org.eclipse.osgi/106/0/.cp
vmArgs: -ea

!ENTRY java-debug 1 0 2024-11-30 19:46:51.533
!MESSAGE Launching debuggee in terminal console succeeded.

!ENTRY java-debug 1 0 2024-11-30 19:46:51.764
!MESSAGE Debug connection closed

!ENTRY java-debug 1 0 2024-11-30 19:46:57.080
!MESSAGE Trying to launch Java Program with options:
main-class: org.eclipse.jdt.internal.junit.runner.RemoteTestRunner
args: -version 3 -port 49886 -testLoaderClass org.eclipse.jdt.internal.junit5.runner.JUnit5TestLoader -loaderpluginname org.eclipse.jdt.junit5.runtime -test TestSalary:testNormalSalaryPayment
module-path: 
class-path: /Users/ewanchukwilliam/School/ECE325/lab5/ece325_lab_assignment5/lab_assignment5/lib/junit-jupiter-engine-5.9.2.jar:/Users/ewanchukwilliam/School/ECE325/lab5/ece325_lab_assignment5/lab_assignment5/lib/junit-platform-console-standalone-1.8.2.jar:/Users/ewanchukwilliam/School/ECE325/lab5/ece325_lab_assignment5/lab_assignment5/lib/junit-platform-engine-1.8.2.jar:/Users/ewanchukwilliam/School/ECE325/lab5/ece325_lab_assignment5/lab_assignment5/lib/junit-jupiter-api-5.8.2.jar:/Users/ewanchukwilliam/School/ECE325/lab5/ece325_lab_assignment5/lab_assignment5/lib/opentest4j-1.2.0.jar:/Users/ewanchukwilliam/School/ECE325/lab5/ece325_lab_assignment5/lab_assignment5/lib/junit-jupiter-engine-5.8.2.jar:/Users/ewanchukwilliam/School/ECE325/lab5/ece325_lab_assignment5/lab_assignment5/lib/junit-jupiter-api-5.9.2.jar:/Users/ewanchukwilliam/School/ECE325/lab5/ece325_lab_assignment5/lab_assignment5/lib/junit-platform-commons-1.8.2.jar:/Users/ewanchukwilliam/School/ECE325/lab5/ece325_lab_assignment5/lab_assignment5lab_assignment5/lab_assignment5_fd388f73/bin:/Users/ewanchukwilliam/.local/share/nvim/mason/packages/jdtls/config_mac_arm/org.eclipse.osgi/114/0/.cp:/Users/ewanchukwilliam/.local/share/nvim/mason/packages/jdtls/config_mac_arm/org.eclipse.osgi/56/0/.cp:/Users/ewanchukwilliam/.local/share/nvim/mason/packages/jdtls/config_mac_arm/org.eclipse.osgi/106/0/.cp
vmArgs: -ea

!ENTRY java-debug 1 0 2024-11-30 19:46:57.126
!MESSAGE Launching debuggee in terminal console succeeded.

!ENTRY java-debug 1 0 2024-11-30 19:46:57.339
!MESSAGE Debug connection closed

!ENTRY org.eclipse.jdt.ls.core 1 0 2024-11-30 19:47:22.433
!MESSAGE Reconciled 1. Took 6 ms

!ENTRY org.eclipse.jdt.ls.core 1 0 2024-11-30 19:47:22.869
!MESSAGE begin problem for /TestSalary.java

!ENTRY org.eclipse.jdt.ls.core 1 0 2024-11-30 19:47:22.869
!MESSAGE 1 problems reported for /TestSalary.java

!ENTRY org.eclipse.jdt.ls.core 1 0 2024-11-30 19:47:22.870
!MESSAGE Validated 1. Took 31 ms

!ENTRY org.eclipse.jdt.ls.core 1 0 2024-11-30 19:47:24.653
!MESSAGE Reconciled 1. Took 2 ms

!ENTRY org.eclipse.jdt.ls.core 1 0 2024-11-30 19:47:25.093
!MESSAGE begin problem for /TestSalary.java

!ENTRY org.eclipse.jdt.ls.core 1 0 2024-11-30 19:47:25.093
!MESSAGE 1 problems reported for /TestSalary.java

!ENTRY org.eclipse.jdt.ls.core 1 0 2024-11-30 19:47:25.094
!MESSAGE Validated 1. Took 38 ms

!ENTRY java-debug 1 0 2024-11-30 19:47:52.603
!MESSAGE Trying to launch Java Program with options:
main-class: org.eclipse.jdt.internal.junit.runner.RemoteTestRunner
args: -version 3 -port 49895 -testLoaderClass org.eclipse.jdt.internal.junit5.runner.JUnit5TestLoader -loaderpluginname org.eclipse.jdt.junit5.runtime -test TestSalary:testMaximumSalaryPayment
module-path: 
class-path: /Users/ewanchukwilliam/School/ECE325/lab5/ece325_lab_assignment5/lab_assignment5/lib/junit-jupiter-engine-5.9.2.jar:/Users/ewanchukwilliam/School/ECE325/lab5/ece325_lab_assignment5/lab_assignment5/lib/junit-platform-console-standalone-1.8.2.jar:/Users/ewanchukwilliam/School/ECE325/lab5/ece325_lab_assignment5/lab_assignment5/lib/junit-platform-engine-1.8.2.jar:/Users/ewanchukwilliam/School/ECE325/lab5/ece325_lab_assignment5/lab_assignment5/lib/junit-jupiter-api-5.8.2.jar:/Users/ewanchukwilliam/School/ECE325/lab5/ece325_lab_assignment5/lab_assignment5/lib/opentest4j-1.2.0.jar:/Users/ewanchukwilliam/School/ECE325/lab5/ece325_lab_assignment5/lab_assignment5/lib/junit-jupiter-engine-5.8.2.jar:/Users/ewanchukwilliam/School/ECE325/lab5/ece325_lab_assignment5/lab_assignment5/lib/junit-jupiter-api-5.9.2.jar:/Users/ewanchukwilliam/School/ECE325/lab5/ece325_lab_assignment5/lab_assignment5/lib/junit-platform-commons-1.8.2.jar:/Users/ewanchukwilliam/School/ECE325/lab5/ece325_lab_assignment5/lab_assignment5lab_assignment5/lab_assignment5_fd388f73/bin:/Users/ewanchukwilliam/.local/share/nvim/mason/packages/jdtls/config_mac_arm/org.eclipse.osgi/114/0/.cp:/Users/ewanchukwilliam/.local/share/nvim/mason/packages/jdtls/config_mac_arm/org.eclipse.osgi/56/0/.cp:/Users/ewanchukwilliam/.local/share/nvim/mason/packages/jdtls/config_mac_arm/org.eclipse.osgi/106/0/.cp
vmArgs: -ea

!ENTRY java-debug 1 0 2024-11-30 19:47:52.649
!MESSAGE Launching debuggee in terminal console succeeded.

!ENTRY java-debug 1 0 2024-11-30 19:47:52.832
!MESSAGE Debug connection closed

!ENTRY java-debug 1 0 2024-11-30 19:48:04.005
!MESSAGE Trying to launch Java Program with options:
main-class: org.eclipse.jdt.internal.junit.runner.RemoteTestRunner
args: -version 3 -port 49901 -testLoaderClass org.eclipse.jdt.internal.junit5.runner.JUnit5TestLoader -loaderpluginname org.eclipse.jdt.junit5.runtime -test TestSalary:testNormalSalaryPayment
module-path: 
class-path: /Users/ewanchukwilliam/School/ECE325/lab5/ece325_lab_assignment5/lab_assignment5/lib/junit-jupiter-engine-5.9.2.jar:/Users/ewanchukwilliam/School/ECE325/lab5/ece325_lab_assignment5/lab_assignment5/lib/junit-platform-console-standalone-1.8.2.jar:/Users/ewanchukwilliam/School/ECE325/lab5/ece325_lab_assignment5/lab_assignment5/lib/junit-platform-engine-1.8.2.jar:/Users/ewanchukwilliam/School/ECE325/lab5/ece325_lab_assignment5/lab_assignment5/lib/junit-jupiter-api-5.8.2.jar:/Users/ewanchukwilliam/School/ECE325/lab5/ece325_lab_assignment5/lab_assignment5/lib/opentest4j-1.2.0.jar:/Users/ewanchukwilliam/School/ECE325/lab5/ece325_lab_assignment5/lab_assignment5/lib/junit-jupiter-engine-5.8.2.jar:/Users/ewanchukwilliam/School/ECE325/lab5/ece325_lab_assignment5/lab_assignment5/lib/junit-jupiter-api-5.9.2.jar:/Users/ewanchukwilliam/School/ECE325/lab5/ece325_lab_assignment5/lab_assignment5/lib/junit-platform-commons-1.8.2.jar:/Users/ewanchukwilliam/School/ECE325/lab5/ece325_lab_assignment5/lab_assignment5lab_assignment5/lab_assignment5_fd388f73/bin:/Users/ewanchukwilliam/.local/share/nvim/mason/packages/jdtls/config_mac_arm/org.eclipse.osgi/114/0/.cp:/Users/ewanchukwilliam/.local/share/nvim/mason/packages/jdtls/config_mac_arm/org.eclipse.osgi/56/0/.cp:/Users/ewanchukwilliam/.local/share/nvim/mason/packages/jdtls/config_mac_arm/org.eclipse.osgi/106/0/.cp
vmArgs: -ea

!ENTRY java-debug 1 0 2024-11-30 19:48:04.051
!MESSAGE Launching debuggee in terminal console succeeded.

!ENTRY java-debug 1 0 2024-11-30 19:48:04.243
!MESSAGE Debug connection closed

!ENTRY org.eclipse.jdt.ls.core 1 0 2024-11-30 19:50:25.355
!MESSAGE >> shutdown

!ENTRY org.eclipse.jdt.ls.core 1 0 2024-11-30 19:50:25.369
!MESSAGE >> exit

!ENTRY org.eclipse.jdt.ls.core 1 0 2024-11-30 19:50:25.379
!MESSAGE Shutdown received... waking up main thread

!ENTRY org.eclipse.jdt.ls.core 1 0 2024-11-30 19:50:25.382
!MESSAGE class org.eclipse.jdt.ls.core.internal.JavaLanguageServerPlugin is stopping:
!SESSION 2024-11-30 19:53:30.144 -----------------------------------------------
eclipse.buildId=unknown
java.version=17.0.13
java.vendor=Homebrew
BootLoader constants: OS=macosx, ARCH=aarch64, WS=cocoa, NL=en_CA
Command-line arguments:  -data /Users/ewanchukwilliam/School/ECE325/lab5/ece325_lab_assignment5/lab_assignment5lab_assignment5

!ENTRY org.eclipse.jdt.ls.core 1 0 2024-11-30 19:53:31.059
!MESSAGE class org.eclipse.jdt.ls.core.internal.JavaLanguageServerPlugin is started

!ENTRY org.eclipse.jdt.ls.core 1 0 2024-11-30 19:53:31.198
!MESSAGE Main thread is waiting

!ENTRY org.eclipse.jdt.ls.core 1 0 2024-11-30 19:53:31.219
!MESSAGE >> initialize

!ENTRY org.eclipse.jdt.ls.core 1 0 2024-11-30 19:53:31.220
!MESSAGE Initializing Java Language Server 1.41.0.202410311350

!ENTRY org.eclipse.jdt.ls.core 1 0 2024-11-30 19:53:31.221
!MESSAGE Started org.eclipse.m2e.core 0ms

!ENTRY org.eclipse.jdt.ls.core 1 0 2024-11-30 19:53:31.758
!MESSAGE ProjectRegistryRefreshJob finished 537ms

!ENTRY org.eclipse.jdt.ls.core 1 0 2024-11-30 19:53:31.770
!MESSAGE Started org.eclipse.buildship.core 11ms

!ENTRY org.eclipse.jdt.ls.core 1 0 2024-11-30 19:53:31.787
!MESSAGE Uninstalled reference:file:/Users/ewanchukwilliam/.local/share/nvim/mason/share/java-test/com.microsoft.java.test.plugin.jar

!ENTRY org.eclipse.jdt.ls.core 1 0 2024-11-30 19:53:31.791
!MESSAGE Installed reference:file:/Users/ewanchukwilliam/.local/share/nvim/mason/share/java-test/com.microsoft.java.test.plugin-0.41.1.jar

!ENTRY org.eclipse.jdt.ls.core 1 0 2024-11-30 19:53:31.793
!MESSAGE Uninstalled reference:file:/Users/ewanchukwilliam/.local/share/nvim/mason/share/java-test/com.microsoft.java.test.plugin-0.41.1.jar

!ENTRY org.eclipse.jdt.ls.core 1 0 2024-11-30 19:53:31.794
!MESSAGE Installed reference:file:/Users/ewanchukwilliam/.local/share/nvim/mason/share/java-test/com.microsoft.java.test.plugin.jar

!ENTRY org.eclipse.jdt.ls.core 1 0 2024-11-30 19:53:31.797
!MESSAGE Refresh the bundles

!ENTRY org.eclipse.jdt.ls.core 1 0 2024-11-30 19:53:31.835
!MESSAGE Finished Refreshing bundles

!ENTRY org.eclipse.jdt.ls.core 4 0 2024-11-30 19:53:31.836
!MESSAGE Failed to load extension bundles 
!STACK 1
org.eclipse.core.runtime.CoreException: Load bundle list
	at org.eclipse.jdt.ls.core.internal.handlers.BundleUtils.loadBundles(BundleUtils.java:173)
	at org.eclipse.jdt.ls.core.internal.handlers.InitHandler.handleInitializationOptions(InitHandler.java:113)
	at org.eclipse.jdt.ls.core.internal.handlers.BaseInitHandler.initialize(BaseInitHandler.java:68)
	at org.eclipse.jdt.ls.core.internal.handlers.JDTLanguageServer.initialize(JDTLanguageServer.java:283)
	at java.base/jdk.internal.reflect.NativeMethodAccessorImpl.invoke0(Native Method)
	at java.base/jdk.internal.reflect.NativeMethodAccessorImpl.invoke(NativeMethodAccessorImpl.java:77)
	at java.base/jdk.internal.reflect.DelegatingMethodAccessorImpl.invoke(DelegatingMethodAccessorImpl.java:43)
	at java.base/java.lang.reflect.Method.invoke(Method.java:569)
	at org.eclipse.lsp4j.jsonrpc.services.GenericEndpoint.lambda$recursiveFindRpcMethods$0(GenericEndpoint.java:65)
	at org.eclipse.lsp4j.jsonrpc.services.GenericEndpoint.request(GenericEndpoint.java:128)
	at org.eclipse.lsp4j.jsonrpc.RemoteEndpoint.handleRequest(RemoteEndpoint.java:271)
	at org.eclipse.lsp4j.jsonrpc.RemoteEndpoint.consume(RemoteEndpoint.java:201)
	at org.eclipse.jdt.ls.core.internal.ParentProcessWatcher.lambda$1(ParentProcessWatcher.java:144)
	at org.eclipse.lsp4j.jsonrpc.json.StreamMessageProducer.handleMessage(StreamMessageProducer.java:185)
	at org.eclipse.lsp4j.jsonrpc.json.StreamMessageProducer.listen(StreamMessageProducer.java:97)
	at org.eclipse.lsp4j.jsonrpc.json.ConcurrentMessageProcessor.run(ConcurrentMessageProcessor.java:114)
	at java.base/java.util.concurrent.Executors$RunnableAdapter.call(Executors.java:539)
	at java.base/java.util.concurrent.FutureTask.run(FutureTask.java:264)
	at java.base/java.util.concurrent.ThreadPoolExecutor.runWorker(ThreadPoolExecutor.java:1136)
	at java.base/java.util.concurrent.ThreadPoolExecutor$Worker.run(ThreadPoolExecutor.java:635)
	at java.base/java.lang.Thread.run(Thread.java:840)
Contains: Failed to get bundleInfo for bundle from /Users/ewanchukwilliam/.local/share/nvim/mason/share/java-test/com.microsoft.java.test.runner-jar-with-dependencies.jar
Contains: Failed to get bundleInfo for bundle from /Users/ewanchukwilliam/.local/share/nvim/mason/share/java-test/jacocoagent.jar
!SUBENTRY 1 org.eclipse.jdt.ls.core 4 0 2024-11-30 19:53:31.836
!MESSAGE Load bundle list
!SUBENTRY 2 org.eclipse.jdt.ls.core 4 0 2024-11-30 19:53:31.836
!MESSAGE Failed to get bundleInfo for bundle from /Users/ewanchukwilliam/.local/share/nvim/mason/share/java-test/com.microsoft.java.test.runner-jar-with-dependencies.jar
!SUBENTRY 2 org.eclipse.jdt.ls.core 4 0 2024-11-30 19:53:31.836
!MESSAGE Failed to get bundleInfo for bundle from /Users/ewanchukwilliam/.local/share/nvim/mason/share/java-test/jacocoagent.jar

!ENTRY org.eclipse.jdt.ls.core 1 0 2024-11-30 19:53:31.842
!MESSAGE Static Commands: []

!ENTRY org.eclipse.jdt.ls.core 1 0 2024-11-30 19:53:31.842
!MESSAGE Non-Static Commands: [java.project.import, java.project.changeImportedProjects, java.navigate.openTypeHierarchy, java.project.resolveStackTraceLocation, java.edit.handlePasteEvent, java.edit.stringFormatting, java.project.getSettings, java.project.resolveWorkspaceSymbol, java.project.upgradeGradle, java.project.createModuleInfo, java.vm.getAllInstalls, java.edit.organizeImports, java.project.refreshDiagnostics, java.project.removeFromSourcePath, java.project.listSourcePaths, java.project.updateSettings, java.project.getAll, java.reloadBundles, java.project.isTestFile, java.project.resolveText, java.project.getClasspaths, java.navigate.resolveTypeHierarchy, java.edit.smartSemicolonDetection, java.project.updateSourceAttachment, java.project.updateClassPaths, java.decompile, java.protobuf.generateSources, java.project.resolveSourceAttachment, java.project.updateJdk, java.project.addToSourcePath, java.completion.onDidSelect]

!ENTRY org.eclipse.jdt.ls.core 1 0 2024-11-30 19:53:31.842
!MESSAGE Static Commands: []

!ENTRY org.eclipse.jdt.ls.core 1 0 2024-11-30 19:53:31.842
!MESSAGE Non-Static Commands: [vscode.java.checkProjectSettings, vscode.java.isOnClasspath, vscode.java.fetchUsageData, vscode.java.validateLaunchConfig, vscode.java.resolveInlineVariables, vscode.java.resolveClassFilters, vscode.java.resolveMainMethod, vscode.java.resolveClasspath, vscode.java.resolveBuildFiles, vscode.java.resolveMainClass, vscode.java.updateDebugSettings, vscode.java.resolveSourceUri, vscode.java.fetchPlatformSettings, vscode.java.buildWorkspace, vscode.java.startDebugSession, vscode.java.inferLaunchCommandLength, vscode.java.resolveElementAtSelection, vscode.java.resolveJavaExecutable]

!ENTRY org.eclipse.jdt.ls.core 1 0 2024-11-30 19:53:31.843
!MESSAGE Static Commands: []

!ENTRY org.eclipse.jdt.ls.core 1 0 2024-11-30 19:53:31.843
!MESSAGE Non-Static Commands: [vscode.java.test.jacoco.getCoverageDetail, vscode.java.test.findJavaProjects, vscode.java.test.findTestPackagesAndTypes, vscode.java.test.findTestTypesAndMethods, vscode.java.test.resolvePath, vscode.java.test.findTestLocation, vscode.java.test.get.testpath, vscode.java.test.findDirectTestChildrenForClass, vscode.java.test.navigateToTestOrTarget, vscode.java.test.junit.argument, vscode.java.test.generateTests]

!ENTRY org.eclipse.jdt.ls.core 1 0 2024-11-30 19:53:31.852
!MESSAGE RepositoryRegistryUpdateJob finished 0ms

!ENTRY org.eclipse.jdt.ls.core 1 0 2024-11-30 19:53:31.855
!MESSAGE >> initialized

!ENTRY org.eclipse.jdt.ls.core 1 0 2024-11-30 19:53:31.870
!MESSAGE Workspace initialized in 19ms

!ENTRY org.eclipse.jdt.ls.core 1 0 2024-11-30 19:53:31.880
!MESSAGE >> initialization job finished

!ENTRY org.eclipse.jdt.ls.core 1 0 2024-11-30 19:53:32.741
!MESSAGE Reconciled 1. Took 1 ms

!ENTRY org.eclipse.jdt.ls.core 4 0 2024-11-30 19:53:32.789
!MESSAGE Command _java.reloadBundles.command not supported on client

!ENTRY java-debug 1 0 2024-11-30 19:53:32.790
!MESSAGE Starting com.microsoft.java.debug.plugin

!ENTRY org.eclipse.jdt.ls.core 1 0 2024-11-30 19:53:32.794
!MESSAGE Clearing problems for /TestSalary.java

!ENTRY org.eclipse.jdt.ls.core 1 0 2024-11-30 19:53:32.940
!MESSAGE begin problem for /TestSalary.java

!ENTRY org.eclipse.jdt.ls.core 1 0 2024-11-30 19:53:32.942
!MESSAGE 1 problems reported for /TestSalary.java

!ENTRY org.eclipse.jdt.ls.core 1 0 2024-11-30 19:53:32.948
!MESSAGE >> build jobs finished

!ENTRY org.eclipse.jdt.ls.core 1 0 2024-11-30 19:53:32.949
!MESSAGE >> registerWatchers'

!ENTRY org.eclipse.jdt.ls.core 1 0 2024-11-30 19:53:32.951
!MESSAGE >> registerFeature 'workspace/didChangeWatchedFiles'

!ENTRY org.eclipse.jdt.ls.core 1 0 2024-11-30 19:53:33.374
!MESSAGE begin problem for /TestSalary.java

!ENTRY org.eclipse.jdt.ls.core 1 0 2024-11-30 19:53:33.374
!MESSAGE 1 problems reported for /TestSalary.java

!ENTRY org.eclipse.jdt.ls.core 1 0 2024-11-30 19:53:33.375
!MESSAGE Validated 1. Took 28 ms

!ENTRY org.eclipse.jdt.ls.core 1 0 2024-11-30 19:53:42.005
!MESSAGE >> shutdown

!ENTRY org.eclipse.jdt.ls.core 1 0 2024-11-30 19:53:42.029
!MESSAGE >> exit

!ENTRY org.eclipse.jdt.ls.core 1 0 2024-11-30 19:53:42.047
!MESSAGE Shutdown received... waking up main thread

!ENTRY org.eclipse.jdt.ls.core 1 0 2024-11-30 19:53:42.051
!MESSAGE class org.eclipse.jdt.ls.core.internal.JavaLanguageServerPlugin is stopping:
!SESSION 2024-11-30 20:00:01.082 -----------------------------------------------
eclipse.buildId=unknown
java.version=17.0.13
java.vendor=Homebrew
BootLoader constants: OS=macosx, ARCH=aarch64, WS=cocoa, NL=en_CA
Command-line arguments:  -data /Users/ewanchukwilliam/School/ECE325/lab5/ece325_lab_assignment5/lab_assignment5lab_assignment5

!ENTRY org.eclipse.jdt.ls.core 1 0 2024-11-30 20:00:01.992
!MESSAGE class org.eclipse.jdt.ls.core.internal.JavaLanguageServerPlugin is started

!ENTRY org.eclipse.jdt.ls.core 1 0 2024-11-30 20:00:02.100
!MESSAGE Main thread is waiting

!ENTRY org.eclipse.jdt.ls.core 1 0 2024-11-30 20:00:02.114
!MESSAGE >> initialize

!ENTRY org.eclipse.jdt.ls.core 1 0 2024-11-30 20:00:02.115
!MESSAGE Initializing Java Language Server 1.41.0.202410311350

!ENTRY org.eclipse.jdt.ls.core 1 0 2024-11-30 20:00:02.116
!MESSAGE Started org.eclipse.m2e.core 0ms

!ENTRY org.eclipse.jdt.ls.core 1 0 2024-11-30 20:00:02.505
!MESSAGE ProjectRegistryRefreshJob finished 389ms

!ENTRY org.eclipse.jdt.ls.core 1 0 2024-11-30 20:00:02.514
!MESSAGE Started org.eclipse.buildship.core 9ms

!ENTRY org.eclipse.jdt.ls.core 1 0 2024-11-30 20:00:02.522
!MESSAGE Uninstalled reference:file:/Users/ewanchukwilliam/.local/share/nvim/mason/share/java-test/com.microsoft.java.test.plugin.jar

!ENTRY org.eclipse.jdt.ls.core 1 0 2024-11-30 20:00:02.524
!MESSAGE Installed reference:file:/Users/ewanchukwilliam/.local/share/nvim/mason/share/java-test/com.microsoft.java.test.plugin-0.41.1.jar

!ENTRY org.eclipse.jdt.ls.core 1 0 2024-11-30 20:00:02.525
!MESSAGE Uninstalled reference:file:/Users/ewanchukwilliam/.local/share/nvim/mason/share/java-test/com.microsoft.java.test.plugin-0.41.1.jar

!ENTRY org.eclipse.jdt.ls.core 1 0 2024-11-30 20:00:02.525
!MESSAGE Installed reference:file:/Users/ewanchukwilliam/.local/share/nvim/mason/share/java-test/com.microsoft.java.test.plugin.jar

!ENTRY org.eclipse.jdt.ls.core 1 0 2024-11-30 20:00:02.528
!MESSAGE Refresh the bundles

!ENTRY org.eclipse.jdt.ls.core 1 0 2024-11-30 20:00:02.547
!MESSAGE Finished Refreshing bundles

!ENTRY org.eclipse.jdt.ls.core 4 0 2024-11-30 20:00:02.551
!MESSAGE Failed to load extension bundles 
!STACK 1
org.eclipse.core.runtime.CoreException: Load bundle list
	at org.eclipse.jdt.ls.core.internal.handlers.BundleUtils.loadBundles(BundleUtils.java:173)
	at org.eclipse.jdt.ls.core.internal.handlers.InitHandler.handleInitializationOptions(InitHandler.java:113)
	at org.eclipse.jdt.ls.core.internal.handlers.BaseInitHandler.initialize(BaseInitHandler.java:68)
	at org.eclipse.jdt.ls.core.internal.handlers.JDTLanguageServer.initialize(JDTLanguageServer.java:283)
	at java.base/jdk.internal.reflect.NativeMethodAccessorImpl.invoke0(Native Method)
	at java.base/jdk.internal.reflect.NativeMethodAccessorImpl.invoke(NativeMethodAccessorImpl.java:77)
	at java.base/jdk.internal.reflect.DelegatingMethodAccessorImpl.invoke(DelegatingMethodAccessorImpl.java:43)
	at java.base/java.lang.reflect.Method.invoke(Method.java:569)
	at org.eclipse.lsp4j.jsonrpc.services.GenericEndpoint.lambda$recursiveFindRpcMethods$0(GenericEndpoint.java:65)
	at org.eclipse.lsp4j.jsonrpc.services.GenericEndpoint.request(GenericEndpoint.java:128)
	at org.eclipse.lsp4j.jsonrpc.RemoteEndpoint.handleRequest(RemoteEndpoint.java:271)
	at org.eclipse.lsp4j.jsonrpc.RemoteEndpoint.consume(RemoteEndpoint.java:201)
	at org.eclipse.jdt.ls.core.internal.ParentProcessWatcher.lambda$1(ParentProcessWatcher.java:144)
	at org.eclipse.lsp4j.jsonrpc.json.StreamMessageProducer.handleMessage(StreamMessageProducer.java:185)
	at org.eclipse.lsp4j.jsonrpc.json.StreamMessageProducer.listen(StreamMessageProducer.java:97)
	at org.eclipse.lsp4j.jsonrpc.json.ConcurrentMessageProcessor.run(ConcurrentMessageProcessor.java:114)
	at java.base/java.util.concurrent.Executors$RunnableAdapter.call(Executors.java:539)
	at java.base/java.util.concurrent.FutureTask.run(FutureTask.java:264)
	at java.base/java.util.concurrent.ThreadPoolExecutor.runWorker(ThreadPoolExecutor.java:1136)
	at java.base/java.util.concurrent.ThreadPoolExecutor$Worker.run(ThreadPoolExecutor.java:635)
	at java.base/java.lang.Thread.run(Thread.java:840)
Contains: Failed to get bundleInfo for bundle from /Users/ewanchukwilliam/.local/share/nvim/mason/share/java-test/com.microsoft.java.test.runner-jar-with-dependencies.jar
Contains: Failed to get bundleInfo for bundle from /Users/ewanchukwilliam/.local/share/nvim/mason/share/java-test/jacocoagent.jar
!SUBENTRY 1 org.eclipse.jdt.ls.core 4 0 2024-11-30 20:00:02.551
!MESSAGE Load bundle list
!SUBENTRY 2 org.eclipse.jdt.ls.core 4 0 2024-11-30 20:00:02.551
!MESSAGE Failed to get bundleInfo for bundle from /Users/ewanchukwilliam/.local/share/nvim/mason/share/java-test/com.microsoft.java.test.runner-jar-with-dependencies.jar
!SUBENTRY 2 org.eclipse.jdt.ls.core 4 0 2024-11-30 20:00:02.551
!MESSAGE Failed to get bundleInfo for bundle from /Users/ewanchukwilliam/.local/share/nvim/mason/share/java-test/jacocoagent.jar

!ENTRY org.eclipse.jdt.ls.core 1 0 2024-11-30 20:00:02.556
!MESSAGE Static Commands: []

!ENTRY org.eclipse.jdt.ls.core 1 0 2024-11-30 20:00:02.556
!MESSAGE Non-Static Commands: [java.project.import, java.project.changeImportedProjects, java.navigate.openTypeHierarchy, java.project.resolveStackTraceLocation, java.edit.handlePasteEvent, java.edit.stringFormatting, java.project.getSettings, java.project.resolveWorkspaceSymbol, java.project.upgradeGradle, java.project.createModuleInfo, java.vm.getAllInstalls, java.edit.organizeImports, java.project.refreshDiagnostics, java.project.removeFromSourcePath, java.project.listSourcePaths, java.project.updateSettings, java.project.getAll, java.reloadBundles, java.project.isTestFile, java.project.resolveText, java.project.getClasspaths, java.navigate.resolveTypeHierarchy, java.edit.smartSemicolonDetection, java.project.updateSourceAttachment, java.project.updateClassPaths, java.decompile, java.protobuf.generateSources, java.project.resolveSourceAttachment, java.project.updateJdk, java.project.addToSourcePath, java.completion.onDidSelect]

!ENTRY org.eclipse.jdt.ls.core 1 0 2024-11-30 20:00:02.556
!MESSAGE Static Commands: []

!ENTRY org.eclipse.jdt.ls.core 1 0 2024-11-30 20:00:02.557
!MESSAGE Non-Static Commands: [vscode.java.checkProjectSettings, vscode.java.isOnClasspath, vscode.java.fetchUsageData, vscode.java.validateLaunchConfig, vscode.java.resolveInlineVariables, vscode.java.resolveClassFilters, vscode.java.resolveMainMethod, vscode.java.resolveClasspath, vscode.java.resolveBuildFiles, vscode.java.resolveMainClass, vscode.java.updateDebugSettings, vscode.java.resolveSourceUri, vscode.java.fetchPlatformSettings, vscode.java.buildWorkspace, vscode.java.startDebugSession, vscode.java.inferLaunchCommandLength, vscode.java.resolveElementAtSelection, vscode.java.resolveJavaExecutable]

!ENTRY org.eclipse.jdt.ls.core 1 0 2024-11-30 20:00:02.557
!MESSAGE Static Commands: []

!ENTRY org.eclipse.jdt.ls.core 1 0 2024-11-30 20:00:02.557
!MESSAGE Non-Static Commands: [vscode.java.test.jacoco.getCoverageDetail, vscode.java.test.findJavaProjects, vscode.java.test.findTestPackagesAndTypes, vscode.java.test.findTestTypesAndMethods, vscode.java.test.resolvePath, vscode.java.test.findTestLocation, vscode.java.test.get.testpath, vscode.java.test.findDirectTestChildrenForClass, vscode.java.test.navigateToTestOrTarget, vscode.java.test.junit.argument, vscode.java.test.generateTests]

!ENTRY org.eclipse.jdt.ls.core 1 0 2024-11-30 20:00:02.569
!MESSAGE >> initialized

!ENTRY org.eclipse.jdt.ls.core 1 0 2024-11-30 20:00:02.579
!MESSAGE RepositoryRegistryUpdateJob finished 13ms

!ENTRY org.eclipse.jdt.ls.core 1 0 2024-11-30 20:00:02.596
!MESSAGE Workspace initialized in 30ms

!ENTRY org.eclipse.jdt.ls.core 1 0 2024-11-30 20:00:02.606
!MESSAGE >> initialization job finished

!ENTRY org.eclipse.jdt.ls.core 4 0 2024-11-30 20:00:03.237
!MESSAGE Command _java.reloadBundles.command not supported on client

!ENTRY java-debug 1 0 2024-11-30 20:00:03.240
!MESSAGE Starting com.microsoft.java.debug.plugin

!ENTRY org.eclipse.jdt.ls.core 1 0 2024-11-30 20:00:03.242
!MESSAGE Clearing problems for /TestSalary.java

!ENTRY org.eclipse.jdt.ls.core 1 0 2024-11-30 20:00:03.337
!MESSAGE Reconciled 1. Took 0 ms

!ENTRY org.eclipse.jdt.ls.core 1 0 2024-11-30 20:00:03.370
!MESSAGE begin problem for /TestSalary.java

!ENTRY org.eclipse.jdt.ls.core 1 0 2024-11-30 20:00:03.371
!MESSAGE 1 problems reported for /TestSalary.java

!ENTRY org.eclipse.jdt.ls.core 1 0 2024-11-30 20:00:03.388
!MESSAGE >> build jobs finished

!ENTRY org.eclipse.jdt.ls.core 1 0 2024-11-30 20:00:03.388
!MESSAGE >> registerWatchers'

!ENTRY org.eclipse.jdt.ls.core 1 0 2024-11-30 20:00:03.390
!MESSAGE >> registerFeature 'workspace/didChangeWatchedFiles'

!ENTRY org.eclipse.jdt.ls.core 1 0 2024-11-30 20:00:03.988
!MESSAGE begin problem for /TestSalary.java

!ENTRY org.eclipse.jdt.ls.core 1 0 2024-11-30 20:00:03.989
!MESSAGE 1 problems reported for /TestSalary.java

!ENTRY org.eclipse.jdt.ls.core 1 0 2024-11-30 20:00:03.989
!MESSAGE Validated 1. Took 47 ms

!ENTRY java-debug 1 0 2024-11-30 20:00:10.581
!MESSAGE Trying to launch Java Program with options:
main-class: org.eclipse.jdt.internal.junit.runner.RemoteTestRunner
args: -version 3 -port 49975 -testLoaderClass org.eclipse.jdt.internal.junit5.runner.JUnit5TestLoader -loaderpluginname org.eclipse.jdt.junit5.runtime -test TestSalary:testNormalSalaryPayment
module-path: 
class-path: /Users/ewanchukwilliam/School/ECE325/lab5/ece325_lab_assignment5/lab_assignment5/lib/junit-jupiter-engine-5.9.2.jar:/Users/ewanchukwilliam/School/ECE325/lab5/ece325_lab_assignment5/lab_assignment5/lib/junit-platform-console-standalone-1.8.2.jar:/Users/ewanchukwilliam/School/ECE325/lab5/ece325_lab_assignment5/lab_assignment5/lib/junit-platform-engine-1.8.2.jar:/Users/ewanchukwilliam/School/ECE325/lab5/ece325_lab_assignment5/lab_assignment5/lib/junit-jupiter-api-5.8.2.jar:/Users/ewanchukwilliam/School/ECE325/lab5/ece325_lab_assignment5/lab_assignment5/lib/opentest4j-1.2.0.jar:/Users/ewanchukwilliam/School/ECE325/lab5/ece325_lab_assignment5/lab_assignment5/lib/junit-jupiter-engine-5.8.2.jar:/Users/ewanchukwilliam/School/ECE325/lab5/ece325_lab_assignment5/lab_assignment5/lib/junit-jupiter-api-5.9.2.jar:/Users/ewanchukwilliam/School/ECE325/lab5/ece325_lab_assignment5/lab_assignment5/lib/junit-platform-commons-1.8.2.jar:/Users/ewanchukwilliam/School/ECE325/lab5/ece325_lab_assignment5/lab_assignment5lab_assignment5/lab_assignment5_fd388f73/bin:/Users/ewanchukwilliam/.local/share/nvim/mason/packages/jdtls/config_mac_arm/org.eclipse.osgi/114/0/.cp:/Users/ewanchukwilliam/.local/share/nvim/mason/packages/jdtls/config_mac_arm/org.eclipse.osgi/56/0/.cp:/Users/ewanchukwilliam/.local/share/nvim/mason/packages/jdtls/config_mac_arm/org.eclipse.osgi/106/0/.cp
vmArgs: -ea

!ENTRY java-debug 1 0 2024-11-30 20:00:10.646
!MESSAGE Launching debuggee in terminal console succeeded.

!ENTRY java-debug 1 0 2024-11-30 20:00:10.904
!MESSAGE Debug connection closed

!ENTRY org.eclipse.jdt.ls.core 1 0 2024-11-30 20:07:21.893
!MESSAGE >> shutdown

!ENTRY org.eclipse.jdt.ls.core 1 0 2024-11-30 20:07:21.907
!MESSAGE >> exit

!ENTRY org.eclipse.jdt.ls.core 1 0 2024-11-30 20:07:21.916
!MESSAGE Shutdown received... waking up main thread

!ENTRY org.eclipse.jdt.ls.core 1 0 2024-11-30 20:07:21.919
!MESSAGE class org.eclipse.jdt.ls.core.internal.JavaLanguageServerPlugin is stopping:
!SESSION 2024-11-30 20:07:28.170 -----------------------------------------------
eclipse.buildId=unknown
java.version=17.0.13
java.vendor=Homebrew
BootLoader constants: OS=macosx, ARCH=aarch64, WS=cocoa, NL=en_CA
Command-line arguments:  -data /Users/ewanchukwilliam/School/ECE325/lab5/ece325_lab_assignment5/lab_assignment5lab_assignment5

!ENTRY org.eclipse.jdt.ls.core 1 0 2024-11-30 20:07:28.931
!MESSAGE class org.eclipse.jdt.ls.core.internal.JavaLanguageServerPlugin is started

!ENTRY org.eclipse.jdt.ls.core 1 0 2024-11-30 20:07:29.033
!MESSAGE Main thread is waiting

!ENTRY org.eclipse.jdt.ls.core 1 0 2024-11-30 20:07:29.043
!MESSAGE >> initialize

!ENTRY org.eclipse.jdt.ls.core 1 0 2024-11-30 20:07:29.046
!MESSAGE Initializing Java Language Server 1.41.0.202410311350

!ENTRY org.eclipse.jdt.ls.core 1 0 2024-11-30 20:07:29.046
!MESSAGE Started org.eclipse.m2e.core 0ms

!ENTRY org.eclipse.jdt.ls.core 1 0 2024-11-30 20:07:29.413
!MESSAGE ProjectRegistryRefreshJob finished 366ms

!ENTRY org.eclipse.jdt.ls.core 1 0 2024-11-30 20:07:29.420
!MESSAGE Started org.eclipse.buildship.core 7ms

!ENTRY org.eclipse.jdt.ls.core 1 0 2024-11-30 20:07:29.428
!MESSAGE Uninstalled reference:file:/Users/ewanchukwilliam/.local/share/nvim/mason/share/java-test/com.microsoft.java.test.plugin.jar

!ENTRY org.eclipse.jdt.ls.core 1 0 2024-11-30 20:07:29.432
!MESSAGE Installed reference:file:/Users/ewanchukwilliam/.local/share/nvim/mason/share/java-test/com.microsoft.java.test.plugin-0.41.1.jar

!ENTRY org.eclipse.jdt.ls.core 1 0 2024-11-30 20:07:29.433
!MESSAGE Uninstalled reference:file:/Users/ewanchukwilliam/.local/share/nvim/mason/share/java-test/com.microsoft.java.test.plugin-0.41.1.jar

!ENTRY org.eclipse.jdt.ls.core 1 0 2024-11-30 20:07:29.433
!MESSAGE Installed reference:file:/Users/ewanchukwilliam/.local/share/nvim/mason/share/java-test/com.microsoft.java.test.plugin.jar

!ENTRY org.eclipse.jdt.ls.core 1 0 2024-11-30 20:07:29.435
!MESSAGE Refresh the bundles

!ENTRY org.eclipse.jdt.ls.core 1 0 2024-11-30 20:07:29.454
!MESSAGE Finished Refreshing bundles

!ENTRY org.eclipse.jdt.ls.core 4 0 2024-11-30 20:07:29.454
!MESSAGE Failed to load extension bundles 
!STACK 1
org.eclipse.core.runtime.CoreException: Load bundle list
	at org.eclipse.jdt.ls.core.internal.handlers.BundleUtils.loadBundles(BundleUtils.java:173)
	at org.eclipse.jdt.ls.core.internal.handlers.InitHandler.handleInitializationOptions(InitHandler.java:113)
	at org.eclipse.jdt.ls.core.internal.handlers.BaseInitHandler.initialize(BaseInitHandler.java:68)
	at org.eclipse.jdt.ls.core.internal.handlers.JDTLanguageServer.initialize(JDTLanguageServer.java:283)
	at java.base/jdk.internal.reflect.NativeMethodAccessorImpl.invoke0(Native Method)
	at java.base/jdk.internal.reflect.NativeMethodAccessorImpl.invoke(NativeMethodAccessorImpl.java:77)
	at java.base/jdk.internal.reflect.DelegatingMethodAccessorImpl.invoke(DelegatingMethodAccessorImpl.java:43)
	at java.base/java.lang.reflect.Method.invoke(Method.java:569)
	at org.eclipse.lsp4j.jsonrpc.services.GenericEndpoint.lambda$recursiveFindRpcMethods$0(GenericEndpoint.java:65)
	at org.eclipse.lsp4j.jsonrpc.services.GenericEndpoint.request(GenericEndpoint.java:128)
	at org.eclipse.lsp4j.jsonrpc.RemoteEndpoint.handleRequest(RemoteEndpoint.java:271)
	at org.eclipse.lsp4j.jsonrpc.RemoteEndpoint.consume(RemoteEndpoint.java:201)
	at org.eclipse.jdt.ls.core.internal.ParentProcessWatcher.lambda$1(ParentProcessWatcher.java:144)
	at org.eclipse.lsp4j.jsonrpc.json.StreamMessageProducer.handleMessage(StreamMessageProducer.java:185)
	at org.eclipse.lsp4j.jsonrpc.json.StreamMessageProducer.listen(StreamMessageProducer.java:97)
	at org.eclipse.lsp4j.jsonrpc.json.ConcurrentMessageProcessor.run(ConcurrentMessageProcessor.java:114)
	at java.base/java.util.concurrent.Executors$RunnableAdapter.call(Executors.java:539)
	at java.base/java.util.concurrent.FutureTask.run(FutureTask.java:264)
	at java.base/java.util.concurrent.ThreadPoolExecutor.runWorker(ThreadPoolExecutor.java:1136)
	at java.base/java.util.concurrent.ThreadPoolExecutor$Worker.run(ThreadPoolExecutor.java:635)
	at java.base/java.lang.Thread.run(Thread.java:840)
Contains: Failed to get bundleInfo for bundle from /Users/ewanchukwilliam/.local/share/nvim/mason/share/java-test/com.microsoft.java.test.runner-jar-with-dependencies.jar
Contains: Failed to get bundleInfo for bundle from /Users/ewanchukwilliam/.local/share/nvim/mason/share/java-test/jacocoagent.jar
!SUBENTRY 1 org.eclipse.jdt.ls.core 4 0 2024-11-30 20:07:29.455
!MESSAGE Load bundle list
!SUBENTRY 2 org.eclipse.jdt.ls.core 4 0 2024-11-30 20:07:29.455
!MESSAGE Failed to get bundleInfo for bundle from /Users/ewanchukwilliam/.local/share/nvim/mason/share/java-test/com.microsoft.java.test.runner-jar-with-dependencies.jar
!SUBENTRY 2 org.eclipse.jdt.ls.core 4 0 2024-11-30 20:07:29.455
!MESSAGE Failed to get bundleInfo for bundle from /Users/ewanchukwilliam/.local/share/nvim/mason/share/java-test/jacocoagent.jar

!ENTRY org.eclipse.jdt.ls.core 1 0 2024-11-30 20:07:29.460
!MESSAGE Static Commands: []

!ENTRY org.eclipse.jdt.ls.core 1 0 2024-11-30 20:07:29.460
!MESSAGE Non-Static Commands: [java.project.import, java.project.changeImportedProjects, java.navigate.openTypeHierarchy, java.project.resolveStackTraceLocation, java.edit.handlePasteEvent, java.edit.stringFormatting, java.project.getSettings, java.project.resolveWorkspaceSymbol, java.project.upgradeGradle, java.project.createModuleInfo, java.vm.getAllInstalls, java.edit.organizeImports, java.project.refreshDiagnostics, java.project.removeFromSourcePath, java.project.listSourcePaths, java.project.updateSettings, java.project.getAll, java.reloadBundles, java.project.isTestFile, java.project.resolveText, java.project.getClasspaths, java.navigate.resolveTypeHierarchy, java.edit.smartSemicolonDetection, java.project.updateSourceAttachment, java.project.updateClassPaths, java.decompile, java.protobuf.generateSources, java.project.resolveSourceAttachment, java.project.updateJdk, java.project.addToSourcePath, java.completion.onDidSelect]

!ENTRY org.eclipse.jdt.ls.core 1 0 2024-11-30 20:07:29.460
!MESSAGE Static Commands: []

!ENTRY org.eclipse.jdt.ls.core 1 0 2024-11-30 20:07:29.461
!MESSAGE Non-Static Commands: [vscode.java.checkProjectSettings, vscode.java.isOnClasspath, vscode.java.fetchUsageData, vscode.java.validateLaunchConfig, vscode.java.resolveInlineVariables, vscode.java.resolveClassFilters, vscode.java.resolveMainMethod, vscode.java.resolveClasspath, vscode.java.resolveBuildFiles, vscode.java.resolveMainClass, vscode.java.updateDebugSettings, vscode.java.resolveSourceUri, vscode.java.fetchPlatformSettings, vscode.java.buildWorkspace, vscode.java.startDebugSession, vscode.java.inferLaunchCommandLength, vscode.java.resolveElementAtSelection, vscode.java.resolveJavaExecutable]

!ENTRY org.eclipse.jdt.ls.core 1 0 2024-11-30 20:07:29.461
!MESSAGE Static Commands: []

!ENTRY org.eclipse.jdt.ls.core 1 0 2024-11-30 20:07:29.461
!MESSAGE Non-Static Commands: [vscode.java.test.jacoco.getCoverageDetail, vscode.java.test.findJavaProjects, vscode.java.test.findTestPackagesAndTypes, vscode.java.test.findTestTypesAndMethods, vscode.java.test.resolvePath, vscode.java.test.findTestLocation, vscode.java.test.get.testpath, vscode.java.test.findDirectTestChildrenForClass, vscode.java.test.navigateToTestOrTarget, vscode.java.test.junit.argument, vscode.java.test.generateTests]

!ENTRY org.eclipse.jdt.ls.core 1 0 2024-11-30 20:07:29.473
!MESSAGE >> initialized

!ENTRY org.eclipse.jdt.ls.core 1 0 2024-11-30 20:07:29.484
!MESSAGE RepositoryRegistryUpdateJob finished 13ms

!ENTRY org.eclipse.jdt.ls.core 1 0 2024-11-30 20:07:29.499
!MESSAGE Workspace initialized in 28ms

!ENTRY org.eclipse.jdt.ls.core 1 0 2024-11-30 20:07:29.509
!MESSAGE >> initialization job finished

!ENTRY org.eclipse.jdt.ls.core 4 0 2024-11-30 20:07:30.100
!MESSAGE Command _java.reloadBundles.command not supported on client

!ENTRY java-debug 1 0 2024-11-30 20:07:30.101
!MESSAGE Starting com.microsoft.java.debug.plugin

!ENTRY org.eclipse.jdt.ls.core 1 0 2024-11-30 20:07:30.106
!MESSAGE Clearing problems for /TestSalary.java

!ENTRY org.eclipse.jdt.ls.core 1 0 2024-11-30 20:07:30.220
!MESSAGE begin problem for /TestSalary.java

!ENTRY org.eclipse.jdt.ls.core 1 0 2024-11-30 20:07:30.221
!MESSAGE 1 problems reported for /TestSalary.java

!ENTRY org.eclipse.jdt.ls.core 1 0 2024-11-30 20:07:30.225
!MESSAGE Reconciled 1. Took 0 ms

!ENTRY org.eclipse.jdt.ls.core 1 0 2024-11-30 20:07:30.242
!MESSAGE >> build jobs finished

!ENTRY org.eclipse.jdt.ls.core 1 0 2024-11-30 20:07:30.242
!MESSAGE >> registerWatchers'

!ENTRY org.eclipse.jdt.ls.core 1 0 2024-11-30 20:07:30.243
!MESSAGE >> registerFeature 'workspace/didChangeWatchedFiles'

!ENTRY org.eclipse.jdt.ls.core 1 0 2024-11-30 20:07:30.875
!MESSAGE begin problem for /TestSalary.java

!ENTRY org.eclipse.jdt.ls.core 1 0 2024-11-30 20:07:30.875
!MESSAGE 1 problems reported for /TestSalary.java

!ENTRY org.eclipse.jdt.ls.core 1 0 2024-11-30 20:07:30.876
!MESSAGE Validated 1. Took 49 ms

!ENTRY java-debug 1 0 2024-11-30 20:07:33.230
!MESSAGE Trying to launch Java Program with options:
main-class: org.eclipse.jdt.internal.junit.runner.RemoteTestRunner
args: -version 3 -port 50003 -testLoaderClass org.eclipse.jdt.internal.junit5.runner.JUnit5TestLoader -loaderpluginname org.eclipse.jdt.junit5.runtime -test TestSalary:testNormalSalaryPayment
module-path: 
class-path: /Users/ewanchukwilliam/School/ECE325/lab5/ece325_lab_assignment5/lab_assignment5/lib/junit-jupiter-engine-5.9.2.jar:/Users/ewanchukwilliam/School/ECE325/lab5/ece325_lab_assignment5/lab_assignment5/lib/junit-platform-console-standalone-1.8.2.jar:/Users/ewanchukwilliam/School/ECE325/lab5/ece325_lab_assignment5/lab_assignment5/lib/junit-platform-engine-1.8.2.jar:/Users/ewanchukwilliam/School/ECE325/lab5/ece325_lab_assignment5/lab_assignment5/lib/junit-jupiter-api-5.8.2.jar:/Users/ewanchukwilliam/School/ECE325/lab5/ece325_lab_assignment5/lab_assignment5/lib/opentest4j-1.2.0.jar:/Users/ewanchukwilliam/School/ECE325/lab5/ece325_lab_assignment5/lab_assignment5/lib/junit-jupiter-engine-5.8.2.jar:/Users/ewanchukwilliam/School/ECE325/lab5/ece325_lab_assignment5/lab_assignment5/lib/junit-jupiter-api-5.9.2.jar:/Users/ewanchukwilliam/School/ECE325/lab5/ece325_lab_assignment5/lab_assignment5/lib/junit-platform-commons-1.8.2.jar:/Users/ewanchukwilliam/School/ECE325/lab5/ece325_lab_assignment5/lab_assignment5lab_assignment5/lab_assignment5_fd388f73/bin:/Users/ewanchukwilliam/.local/share/nvim/mason/packages/jdtls/config_mac_arm/org.eclipse.osgi/114/0/.cp:/Users/ewanchukwilliam/.local/share/nvim/mason/packages/jdtls/config_mac_arm/org.eclipse.osgi/56/0/.cp:/Users/ewanchukwilliam/.local/share/nvim/mason/packages/jdtls/config_mac_arm/org.eclipse.osgi/106/0/.cp
vmArgs: -ea

!ENTRY java-debug 1 0 2024-11-30 20:07:33.298
!MESSAGE Launching debuggee in terminal console succeeded.

!ENTRY java-debug 1 0 2024-11-30 20:07:33.554
!MESSAGE Debug connection closed
